2015-08-06T18:43:54+02:00 CRIT (2): exception 'Zend\ServiceManager\Exception\ServiceNotFoundException' with message 'Zend\View\HelperPluginManager::get was unable to fetch or create an instance for viewrenderer' in /media/wtk13/Reszta/htdocs/tartak/vendor/zendframework/zendframework/library/Zend/ServiceManager/ServiceManager.php:550
Stack trace:
#0 /media/wtk13/Reszta/htdocs/tartak/vendor/zendframework/zendframework/library/Zend/ServiceManager/AbstractPluginManager.php(103): Zend\ServiceManager\ServiceManager->get('viewrenderer', true)
#1 /media/wtk13/Reszta/htdocs/tartak/vendor/cms-ir/cms-ir/src/CmsIr/System/src/System/View/Helper/Language.php(23): Zend\ServiceManager\AbstractPluginManager->get('viewrenderer')
#2 [internal function]: CmsIr\System\View\Helper\Language->__invoke('asd', 'partial/languag...', Array)
#3 /media/wtk13/Reszta/htdocs/tartak/vendor/zendframework/zendframework/library/Zend/View/Renderer/PhpRenderer.php(399): call_user_func_array(Object(CmsIr\System\View\Helper\Language), Array)
#4 /media/wtk13/Reszta/htdocs/tartak/vendor/cms-ir/cms-ir/src/CmsIr/Page/view/cms-ir/page/create.phtml(10): Zend\View\Renderer\PhpRenderer->__call('languageHelper', Array)
#5 /media/wtk13/Reszta/htdocs/tartak/vendor/cms-ir/cms-ir/src/CmsIr/Page/view/cms-ir/page/create.phtml(10): Zend\View\Renderer\PhpRenderer->languageHelper('asd', 'partial/languag...', Array)
#6 /media/wtk13/Reszta/htdocs/tartak/vendor/zendframework/zendframework/library/Zend/View/Renderer/PhpRenderer.php(506): include('/media/wtk13/Re...')
#7 /media/wtk13/Reszta/htdocs/tartak/vendor/zendframework/zendframework/library/Zend/View/View.php(205): Zend\View\Renderer\PhpRenderer->render(Object(Zend\View\Model\ViewModel))
#8 /media/wtk13/Reszta/htdocs/tartak/vendor/zendframework/zendframework/library/Zend/View/View.php(233): Zend\View\View->render(Object(Zend\View\Model\ViewModel))
#9 /media/wtk13/Reszta/htdocs/tartak/vendor/zendframework/zendframework/library/Zend/View/View.php(198): Zend\View\View->renderChildren(Object(Zend\View\Model\ViewModel))
#10 /media/wtk13/Reszta/htdocs/tartak/vendor/zendframework/zendframework/library/Zend/Mvc/View/Http/DefaultRenderingStrategy.php(103): Zend\View\View->render(Object(Zend\View\Model\ViewModel))
#11 [internal function]: Zend\Mvc\View\Http\DefaultRenderingStrategy->render(Object(Zend\Mvc\MvcEvent))
#12 /media/wtk13/Reszta/htdocs/tartak/vendor/zendframework/zendframework/library/Zend/EventManager/EventManager.php(468): call_user_func(Array, Object(Zend\Mvc\MvcEvent))
#13 /media/wtk13/Reszta/htdocs/tartak/vendor/zendframework/zendframework/library/Zend/EventManager/EventManager.php(207): Zend\EventManager\EventManager->triggerListeners('render', Object(Zend\Mvc\MvcEvent), Array)
#14 /media/wtk13/Reszta/htdocs/tartak/vendor/zendframework/zendframework/library/Zend/Mvc/Application.php(352): Zend\EventManager\EventManager->trigger('render', Object(Zend\Mvc\MvcEvent))
#15 /media/wtk13/Reszta/htdocs/tartak/vendor/zendframework/zendframework/library/Zend/Mvc/Application.php(327): Zend\Mvc\Application->completeRequest(Object(Zend\Mvc\MvcEvent))
#16 /media/wtk13/Reszta/htdocs/tartak/public/index.php(17): Zend\Mvc\Application->run()
#17 {main}
2015-08-06T18:45:11+02:00 CRIT (2): exception 'Zend\ServiceManager\Exception\ServiceNotFoundException' with message 'Zend\View\HelperPluginManager::get was unable to fetch or create an instance for viewrenderer' in /media/wtk13/Reszta/htdocs/tartak/vendor/zendframework/zendframework/library/Zend/ServiceManager/ServiceManager.php:550
Stack trace:
#0 /media/wtk13/Reszta/htdocs/tartak/vendor/zendframework/zendframework/library/Zend/ServiceManager/AbstractPluginManager.php(103): Zend\ServiceManager\ServiceManager->get('viewrenderer', true)
#1 /media/wtk13/Reszta/htdocs/tartak/vendor/cms-ir/cms-ir/src/CmsIr/System/src/System/View/Helper/Language.php(23): Zend\ServiceManager\AbstractPluginManager->get('viewrenderer')
#2 [internal function]: CmsIr\System\View\Helper\Language->__invoke('asd', 'partial/languag...', Array)
#3 /media/wtk13/Reszta/htdocs/tartak/vendor/zendframework/zendframework/library/Zend/View/Renderer/PhpRenderer.php(399): call_user_func_array(Object(CmsIr\System\View\Helper\Language), Array)
#4 /media/wtk13/Reszta/htdocs/tartak/vendor/cms-ir/cms-ir/src/CmsIr/Page/view/cms-ir/page/create.phtml(10): Zend\View\Renderer\PhpRenderer->__call('languageHelper', Array)
#5 /media/wtk13/Reszta/htdocs/tartak/vendor/cms-ir/cms-ir/src/CmsIr/Page/view/cms-ir/page/create.phtml(10): Zend\View\Renderer\PhpRenderer->languageHelper('asd', 'partial/languag...', Array)
#6 /media/wtk13/Reszta/htdocs/tartak/vendor/zendframework/zendframework/library/Zend/View/Renderer/PhpRenderer.php(506): include('/media/wtk13/Re...')
#7 /media/wtk13/Reszta/htdocs/tartak/vendor/zendframework/zendframework/library/Zend/View/View.php(205): Zend\View\Renderer\PhpRenderer->render(Object(Zend\View\Model\ViewModel))
#8 /media/wtk13/Reszta/htdocs/tartak/vendor/zendframework/zendframework/library/Zend/View/View.php(233): Zend\View\View->render(Object(Zend\View\Model\ViewModel))
#9 /media/wtk13/Reszta/htdocs/tartak/vendor/zendframework/zendframework/library/Zend/View/View.php(198): Zend\View\View->renderChildren(Object(Zend\View\Model\ViewModel))
#10 /media/wtk13/Reszta/htdocs/tartak/vendor/zendframework/zendframework/library/Zend/Mvc/View/Http/DefaultRenderingStrategy.php(103): Zend\View\View->render(Object(Zend\View\Model\ViewModel))
#11 [internal function]: Zend\Mvc\View\Http\DefaultRenderingStrategy->render(Object(Zend\Mvc\MvcEvent))
#12 /media/wtk13/Reszta/htdocs/tartak/vendor/zendframework/zendframework/library/Zend/EventManager/EventManager.php(468): call_user_func(Array, Object(Zend\Mvc\MvcEvent))
#13 /media/wtk13/Reszta/htdocs/tartak/vendor/zendframework/zendframework/library/Zend/EventManager/EventManager.php(207): Zend\EventManager\EventManager->triggerListeners('render', Object(Zend\Mvc\MvcEvent), Array)
#14 /media/wtk13/Reszta/htdocs/tartak/vendor/zendframework/zendframework/library/Zend/Mvc/Application.php(352): Zend\EventManager\EventManager->trigger('render', Object(Zend\Mvc\MvcEvent))
#15 /media/wtk13/Reszta/htdocs/tartak/vendor/zendframework/zendframework/library/Zend/Mvc/Application.php(327): Zend\Mvc\Application->completeRequest(Object(Zend\Mvc\MvcEvent))
#16 /media/wtk13/Reszta/htdocs/tartak/public/index.php(17): Zend\Mvc\Application->run()
#17 {main}
