2015-09-14T09:50:24+02:00 CRIT (2): exception 'Zend\Mvc\Router\Exception\InvalidArgumentException' with message 'Missing parameter "url"' in /media/wtk13/Reszta/htdocs/tartak/vendor/zendframework/zendframework/library/Zend/Mvc/Router/Http/Segment.php:298
Stack trace:
#0 /media/wtk13/Reszta/htdocs/tartak/vendor/zendframework/zendframework/library/Zend/Mvc/Router/Http/Segment.php(409): Zend\Mvc\Router\Http\Segment->buildPath(Array, Array, false, false, Array)
#1 /media/wtk13/Reszta/htdocs/tartak/vendor/zendframework/zendframework/library/Zend/Mvc/Router/Http/TreeRouteStack.php(351): Zend\Mvc\Router\Http\Segment->assemble(Array, Array)
#2 /media/wtk13/Reszta/htdocs/tartak/vendor/zendframework/zendframework/library/Zend/Mvc/Controller/Plugin/Url.php(99): Zend\Mvc\Router\Http\TreeRouteStack->assemble(Array, Array)
#3 /media/wtk13/Reszta/htdocs/tartak/vendor/cms-ir/cms-ir/src/CmsIr/Post/src/Post/Controller/PostController.php(126): Zend\Mvc\Controller\Plugin\Url->fromRoute('view-news', Array)
#4 /media/wtk13/Reszta/htdocs/tartak/vendor/zendframework/zendframework/library/Zend/Mvc/Controller/AbstractActionController.php(83): CmsIr\Post\Controller\PostController->createPostAction()
#5 [internal function]: Zend\Mvc\Controller\AbstractActionController->onDispatch(Object(Zend\Mvc\MvcEvent))
#6 /media/wtk13/Reszta/htdocs/tartak/vendor/zendframework/zendframework/library/Zend/EventManager/EventManager.php(468): call_user_func(Array, Object(Zend\Mvc\MvcEvent))
#7 /media/wtk13/Reszta/htdocs/tartak/vendor/zendframework/zendframework/library/Zend/EventManager/EventManager.php(207): Zend\EventManager\EventManager->triggerListeners('dispatch', Object(Zend\Mvc\MvcEvent), Object(Closure))
#8 /media/wtk13/Reszta/htdocs/tartak/vendor/zendframework/zendframework/library/Zend/Mvc/Controller/AbstractController.php(116): Zend\EventManager\EventManager->trigger('dispatch', Object(Zend\Mvc\MvcEvent), Object(Closure))
#9 /media/wtk13/Reszta/htdocs/tartak/vendor/zendframework/zendframework/library/Zend/Mvc/DispatchListener.php(113): Zend\Mvc\Controller\AbstractController->dispatch(Object(Zend\Http\PhpEnvironment\Request), Object(Zend\Http\PhpEnvironment\Response))
#10 [internal function]: Zend\Mvc\DispatchListener->onDispatch(Object(Zend\Mvc\MvcEvent))
#11 /media/wtk13/Reszta/htdocs/tartak/vendor/zendframework/zendframework/library/Zend/EventManager/EventManager.php(468): call_user_func(Array, Object(Zend\Mvc\MvcEvent))
#12 /media/wtk13/Reszta/htdocs/tartak/vendor/zendframework/zendframework/library/Zend/EventManager/EventManager.php(207): Zend\EventManager\EventManager->triggerListeners('dispatch', Object(Zend\Mvc\MvcEvent), Object(Closure))
#13 /media/wtk13/Reszta/htdocs/tartak/vendor/zendframework/zendframework/library/Zend/Mvc/Application.php(313): Zend\EventManager\EventManager->trigger('dispatch', Object(Zend\Mvc\MvcEvent), Object(Closure))
#14 /media/wtk13/Reszta/htdocs/tartak/public/index.php(17): Zend\Mvc\Application->run()
#15 {main}
2015-09-14T09:54:37+02:00 CRIT (2): exception 'Zend\Mvc\Router\Exception\InvalidArgumentException' with message 'Missing parameter "url"' in /media/wtk13/Reszta/htdocs/tartak/vendor/zendframework/zendframework/library/Zend/Mvc/Router/Http/Segment.php:298
Stack trace:
#0 /media/wtk13/Reszta/htdocs/tartak/vendor/zendframework/zendframework/library/Zend/Mvc/Router/Http/Segment.php(409): Zend\Mvc\Router\Http\Segment->buildPath(Array, Array, false, false, Array)
#1 /media/wtk13/Reszta/htdocs/tartak/vendor/zendframework/zendframework/library/Zend/Mvc/Router/Http/TreeRouteStack.php(351): Zend\Mvc\Router\Http\Segment->assemble(Array, Array)
#2 /media/wtk13/Reszta/htdocs/tartak/vendor/zendframework/zendframework/library/Zend/View/Helper/Url.php(100): Zend\Mvc\Router\Http\TreeRouteStack->assemble(Array, Array)
#3 [internal function]: Zend\View\Helper\Url->__invoke('view-news', Array)
#4 /media/wtk13/Reszta/htdocs/tartak/vendor/zendframework/zendframework/library/Zend/View/Renderer/PhpRenderer.php(399): call_user_func_array(Object(Zend\View\Helper\Url), Array)
#5 /media/wtk13/Reszta/htdocs/tartak/module/Page/view/page/page/home.phtml(123): Zend\View\Renderer\PhpRenderer->__call('url', Array)
#6 /media/wtk13/Reszta/htdocs/tartak/module/Page/view/page/page/home.phtml(123): Zend\View\Renderer\PhpRenderer->url('view-news', Array)
#7 /media/wtk13/Reszta/htdocs/tartak/vendor/zendframework/zendframework/library/Zend/View/Renderer/PhpRenderer.php(506): include('/media/wtk13/Re...')
#8 /media/wtk13/Reszta/htdocs/tartak/vendor/zendframework/zendframework/library/Zend/View/View.php(205): Zend\View\Renderer\PhpRenderer->render(Object(Zend\View\Model\ViewModel))
#9 /media/wtk13/Reszta/htdocs/tartak/vendor/zendframework/zendframework/library/Zend/View/View.php(233): Zend\View\View->render(Object(Zend\View\Model\ViewModel))
#10 /media/wtk13/Reszta/htdocs/tartak/vendor/zendframework/zendframework/library/Zend/View/View.php(198): Zend\View\View->renderChildren(Object(Zend\View\Model\ViewModel))
#11 /media/wtk13/Reszta/htdocs/tartak/vendor/zendframework/zendframework/library/Zend/Mvc/View/Http/DefaultRenderingStrategy.php(103): Zend\View\View->render(Object(Zend\View\Model\ViewModel))
#12 [internal function]: Zend\Mvc\View\Http\DefaultRenderingStrategy->render(Object(Zend\Mvc\MvcEvent))
#13 /media/wtk13/Reszta/htdocs/tartak/vendor/zendframework/zendframework/library/Zend/EventManager/EventManager.php(468): call_user_func(Array, Object(Zend\Mvc\MvcEvent))
#14 /media/wtk13/Reszta/htdocs/tartak/vendor/zendframework/zendframework/library/Zend/EventManager/EventManager.php(207): Zend\EventManager\EventManager->triggerListeners('render', Object(Zend\Mvc\MvcEvent), Array)
#15 /media/wtk13/Reszta/htdocs/tartak/vendor/zendframework/zendframework/library/Zend/Mvc/Application.php(352): Zend\EventManager\EventManager->trigger('render', Object(Zend\Mvc\MvcEvent))
#16 /media/wtk13/Reszta/htdocs/tartak/vendor/zendframework/zendframework/library/Zend/Mvc/Application.php(327): Zend\Mvc\Application->completeRequest(Object(Zend\Mvc\MvcEvent))
#17 /media/wtk13/Reszta/htdocs/tartak/public/index.php(17): Zend\Mvc\Application->run()
#18 {main}
