2015-08-22T14:44:01+02:00 CRIT (2): exception 'Zend\ServiceManager\Exception\ServiceNotFoundException' with message 'Zend\Mvc\Controller\PluginManager::get was unable to fetch or create an instance for getPageTable' in /media/wtk13/Reszta/htdocs/tartak/vendor/zendframework/zendframework/library/Zend/ServiceManager/ServiceManager.php:550
Stack trace:
#0 /media/wtk13/Reszta/htdocs/tartak/vendor/zendframework/zendframework/library/Zend/ServiceManager/AbstractPluginManager.php(103): Zend\ServiceManager\ServiceManager->get('getPageTable', true)
#1 /media/wtk13/Reszta/htdocs/tartak/vendor/zendframework/zendframework/library/Zend/Mvc/Controller/PluginManager.php(82): Zend\ServiceManager\AbstractPluginManager->get('getPageTable', NULL, true)
#2 /media/wtk13/Reszta/htdocs/tartak/vendor/zendframework/zendframework/library/Zend/Mvc/Controller/AbstractController.php(284): Zend\Mvc\Controller\PluginManager->get('getPageTable', NULL)
#3 /media/wtk13/Reszta/htdocs/tartak/vendor/zendframework/zendframework/library/Zend/Mvc/Controller/AbstractController.php(299): Zend\Mvc\Controller\AbstractController->plugin('getPageTable')
#4 /media/wtk13/Reszta/htdocs/tartak/module/Product/src/Product/Controller/ProductController.php(33): Zend\Mvc\Controller\AbstractController->__call('getPageTable', Array)
#5 /media/wtk13/Reszta/htdocs/tartak/module/Product/src/Product/Controller/ProductController.php(33): Product\Controller\ProductController->getPageTable()
#6 /media/wtk13/Reszta/htdocs/tartak/vendor/zendframework/zendframework/library/Zend/Mvc/Controller/AbstractActionController.php(83): Product\Controller\ProductController->listAction()
#7 [internal function]: Zend\Mvc\Controller\AbstractActionController->onDispatch(Object(Zend\Mvc\MvcEvent))
#8 /media/wtk13/Reszta/htdocs/tartak/vendor/zendframework/zendframework/library/Zend/EventManager/EventManager.php(468): call_user_func(Array, Object(Zend\Mvc\MvcEvent))
#9 /media/wtk13/Reszta/htdocs/tartak/vendor/zendframework/zendframework/library/Zend/EventManager/EventManager.php(207): Zend\EventManager\EventManager->triggerListeners('dispatch', Object(Zend\Mvc\MvcEvent), Object(Closure))
#10 /media/wtk13/Reszta/htdocs/tartak/vendor/zendframework/zendframework/library/Zend/Mvc/Controller/AbstractController.php(116): Zend\EventManager\EventManager->trigger('dispatch', Object(Zend\Mvc\MvcEvent), Object(Closure))
#11 /media/wtk13/Reszta/htdocs/tartak/vendor/zendframework/zendframework/library/Zend/Mvc/DispatchListener.php(113): Zend\Mvc\Controller\AbstractController->dispatch(Object(Zend\Http\PhpEnvironment\Request), Object(Zend\Http\PhpEnvironment\Response))
#12 [internal function]: Zend\Mvc\DispatchListener->onDispatch(Object(Zend\Mvc\MvcEvent))
#13 /media/wtk13/Reszta/htdocs/tartak/vendor/zendframework/zendframework/library/Zend/EventManager/EventManager.php(468): call_user_func(Array, Object(Zend\Mvc\MvcEvent))
#14 /media/wtk13/Reszta/htdocs/tartak/vendor/zendframework/zendframework/library/Zend/EventManager/EventManager.php(207): Zend\EventManager\EventManager->triggerListeners('dispatch', Object(Zend\Mvc\MvcEvent), Object(Closure))
#15 /media/wtk13/Reszta/htdocs/tartak/vendor/zendframework/zendframework/library/Zend/Mvc/Application.php(313): Zend\EventManager\EventManager->trigger('dispatch', Object(Zend\Mvc\MvcEvent), Object(Closure))
#16 /media/wtk13/Reszta/htdocs/tartak/public/index.php(17): Zend\Mvc\Application->run()
#17 {main}
2015-08-22T15:33:53+02:00 CRIT (2): exception 'PDOException' with message 'SQLSTATE[42S02]: Base table or view not found: 1146 Table 'tartak.cms_product' doesn't exist' in /media/wtk13/Reszta/htdocs/tartak/vendor/zendframework/zendframework/library/Zend/Db/Adapter/Driver/Pdo/Statement.php:239
Stack trace:
#0 /media/wtk13/Reszta/htdocs/tartak/vendor/zendframework/zendframework/library/Zend/Db/Adapter/Driver/Pdo/Statement.php(239): PDOStatement->execute()
#1 /media/wtk13/Reszta/htdocs/tartak/vendor/zendframework/zendframework/library/Zend/Db/TableGateway/AbstractTableGateway.php(291): Zend\Db\Adapter\Driver\Pdo\Statement->execute()
#2 /media/wtk13/Reszta/htdocs/tartak/vendor/zendframework/zendframework/library/Zend/Db/TableGateway/AbstractTableGateway.php(258): Zend\Db\TableGateway\AbstractTableGateway->executeInsert(Object(Zend\Db\Sql\Insert))
#3 /media/wtk13/Reszta/htdocs/tartak/module/Product/src/Product/Model/ProductTable.php(85): Zend\Db\TableGateway\AbstractTableGateway->insert(Array)
#4 /media/wtk13/Reszta/htdocs/tartak/module/Product/src/Product/Controller/ProductController.php(58): Product\Model\ProductTable->save(Object(Product\Model\Product))
#5 /media/wtk13/Reszta/htdocs/tartak/vendor/zendframework/zendframework/library/Zend/Mvc/Controller/AbstractActionController.php(83): Product\Controller\ProductController->createAction()
#6 [internal function]: Zend\Mvc\Controller\AbstractActionController->onDispatch(Object(Zend\Mvc\MvcEvent))
#7 /media/wtk13/Reszta/htdocs/tartak/vendor/zendframework/zendframework/library/Zend/EventManager/EventManager.php(468): call_user_func(Array, Object(Zend\Mvc\MvcEvent))
#8 /media/wtk13/Reszta/htdocs/tartak/vendor/zendframework/zendframework/library/Zend/EventManager/EventManager.php(207): Zend\EventManager\EventManager->triggerListeners('dispatch', Object(Zend\Mvc\MvcEvent), Object(Closure))
#9 /media/wtk13/Reszta/htdocs/tartak/vendor/zendframework/zendframework/library/Zend/Mvc/Controller/AbstractController.php(116): Zend\EventManager\EventManager->trigger('dispatch', Object(Zend\Mvc\MvcEvent), Object(Closure))
#10 /media/wtk13/Reszta/htdocs/tartak/vendor/zendframework/zendframework/library/Zend/Mvc/DispatchListener.php(113): Zend\Mvc\Controller\AbstractController->dispatch(Object(Zend\Http\PhpEnvironment\Request), Object(Zend\Http\PhpEnvironment\Response))
#11 [internal function]: Zend\Mvc\DispatchListener->onDispatch(Object(Zend\Mvc\MvcEvent))
#12 /media/wtk13/Reszta/htdocs/tartak/vendor/zendframework/zendframework/library/Zend/EventManager/EventManager.php(468): call_user_func(Array, Object(Zend\Mvc\MvcEvent))
#13 /media/wtk13/Reszta/htdocs/tartak/vendor/zendframework/zendframework/library/Zend/EventManager/EventManager.php(207): Zend\EventManager\EventManager->triggerListeners('dispatch', Object(Zend\Mvc\MvcEvent), Object(Closure))
#14 /media/wtk13/Reszta/htdocs/tartak/vendor/zendframework/zendframework/library/Zend/Mvc/Application.php(313): Zend\EventManager\EventManager->trigger('dispatch', Object(Zend\Mvc\MvcEvent), Object(Closure))
#15 /media/wtk13/Reszta/htdocs/tartak/public/index.php(17): Zend\Mvc\Application->run()
#16 {main}

Next exception 'Zend\Db\Adapter\Exception\InvalidQueryException' with message 'Statement could not be executed (42S02 - 1146 - Table 'tartak.cms_product' doesn't exist)' in /media/wtk13/Reszta/htdocs/tartak/vendor/zendframework/zendframework/library/Zend/Db/Adapter/Driver/Pdo/Statement.php:244
Stack trace:
#0 /media/wtk13/Reszta/htdocs/tartak/vendor/zendframework/zendframework/library/Zend/Db/TableGateway/AbstractTableGateway.php(291): Zend\Db\Adapter\Driver\Pdo\Statement->execute()
#1 /media/wtk13/Reszta/htdocs/tartak/vendor/zendframework/zendframework/library/Zend/Db/TableGateway/AbstractTableGateway.php(258): Zend\Db\TableGateway\AbstractTableGateway->executeInsert(Object(Zend\Db\Sql\Insert))
#2 /media/wtk13/Reszta/htdocs/tartak/module/Product/src/Product/Model/ProductTable.php(85): Zend\Db\TableGateway\AbstractTableGateway->insert(Array)
#3 /media/wtk13/Reszta/htdocs/tartak/module/Product/src/Product/Controller/ProductController.php(58): Product\Model\ProductTable->save(Object(Product\Model\Product))
#4 /media/wtk13/Reszta/htdocs/tartak/vendor/zendframework/zendframework/library/Zend/Mvc/Controller/AbstractActionController.php(83): Product\Controller\ProductController->createAction()
#5 [internal function]: Zend\Mvc\Controller\AbstractActionController->onDispatch(Object(Zend\Mvc\MvcEvent))
#6 /media/wtk13/Reszta/htdocs/tartak/vendor/zendframework/zendframework/library/Zend/EventManager/EventManager.php(468): call_user_func(Array, Object(Zend\Mvc\MvcEvent))
#7 /media/wtk13/Reszta/htdocs/tartak/vendor/zendframework/zendframework/library/Zend/EventManager/EventManager.php(207): Zend\EventManager\EventManager->triggerListeners('dispatch', Object(Zend\Mvc\MvcEvent), Object(Closure))
#8 /media/wtk13/Reszta/htdocs/tartak/vendor/zendframework/zendframework/library/Zend/Mvc/Controller/AbstractController.php(116): Zend\EventManager\EventManager->trigger('dispatch', Object(Zend\Mvc\MvcEvent), Object(Closure))
#9 /media/wtk13/Reszta/htdocs/tartak/vendor/zendframework/zendframework/library/Zend/Mvc/DispatchListener.php(113): Zend\Mvc\Controller\AbstractController->dispatch(Object(Zend\Http\PhpEnvironment\Request), Object(Zend\Http\PhpEnvironment\Response))
#10 [internal function]: Zend\Mvc\DispatchListener->onDispatch(Object(Zend\Mvc\MvcEvent))
#11 /media/wtk13/Reszta/htdocs/tartak/vendor/zendframework/zendframework/library/Zend/EventManager/EventManager.php(468): call_user_func(Array, Object(Zend\Mvc\MvcEvent))
#12 /media/wtk13/Reszta/htdocs/tartak/vendor/zendframework/zendframework/library/Zend/EventManager/EventManager.php(207): Zend\EventManager\EventManager->triggerListeners('dispatch', Object(Zend\Mvc\MvcEvent), Object(Closure))
#13 /media/wtk13/Reszta/htdocs/tartak/vendor/zendframework/zendframework/library/Zend/Mvc/Application.php(313): Zend\EventManager\EventManager->trigger('dispatch', Object(Zend\Mvc\MvcEvent), Object(Closure))
#14 /media/wtk13/Reszta/htdocs/tartak/public/index.php(17): Zend\Mvc\Application->run()
#15 {main}
2015-08-22T15:35:14+02:00 CRIT (2): exception 'Zend\Form\Exception\InvalidElementException' with message 'No element by the name of [catalog_number] found in form' in /media/wtk13/Reszta/htdocs/tartak/vendor/zendframework/zendframework/library/Zend/Form/Fieldset.php:223
Stack trace:
#0 /media/wtk13/Reszta/htdocs/tartak/module/Product/view/product/product/create.phtml(23): Zend\Form\Fieldset->get('catalog_number')
#1 /media/wtk13/Reszta/htdocs/tartak/vendor/zendframework/zendframework/library/Zend/View/Renderer/PhpRenderer.php(506): include('/media/wtk13/Re...')
#2 /media/wtk13/Reszta/htdocs/tartak/vendor/zendframework/zendframework/library/Zend/View/View.php(205): Zend\View\Renderer\PhpRenderer->render(Object(Zend\View\Model\ViewModel))
#3 /media/wtk13/Reszta/htdocs/tartak/vendor/zendframework/zendframework/library/Zend/View/View.php(233): Zend\View\View->render(Object(Zend\View\Model\ViewModel))
#4 /media/wtk13/Reszta/htdocs/tartak/vendor/zendframework/zendframework/library/Zend/View/View.php(198): Zend\View\View->renderChildren(Object(Zend\View\Model\ViewModel))
#5 /media/wtk13/Reszta/htdocs/tartak/vendor/zendframework/zendframework/library/Zend/Mvc/View/Http/DefaultRenderingStrategy.php(103): Zend\View\View->render(Object(Zend\View\Model\ViewModel))
#6 [internal function]: Zend\Mvc\View\Http\DefaultRenderingStrategy->render(Object(Zend\Mvc\MvcEvent))
#7 /media/wtk13/Reszta/htdocs/tartak/vendor/zendframework/zendframework/library/Zend/EventManager/EventManager.php(468): call_user_func(Array, Object(Zend\Mvc\MvcEvent))
#8 /media/wtk13/Reszta/htdocs/tartak/vendor/zendframework/zendframework/library/Zend/EventManager/EventManager.php(207): Zend\EventManager\EventManager->triggerListeners('render', Object(Zend\Mvc\MvcEvent), Array)
#9 /media/wtk13/Reszta/htdocs/tartak/vendor/zendframework/zendframework/library/Zend/Mvc/Application.php(352): Zend\EventManager\EventManager->trigger('render', Object(Zend\Mvc\MvcEvent))
#10 /media/wtk13/Reszta/htdocs/tartak/vendor/zendframework/zendframework/library/Zend/Mvc/Application.php(327): Zend\Mvc\Application->completeRequest(Object(Zend\Mvc\MvcEvent))
#11 /media/wtk13/Reszta/htdocs/tartak/public/index.php(17): Zend\Mvc\Application->run()
#12 {main}
2015-08-22T15:51:07+02:00 CRIT (2): exception 'Zend\Form\Exception\InvalidElementException' with message 'No element by the name of [filename_main] found in form' in /media/wtk13/Reszta/htdocs/tartak/vendor/zendframework/zendframework/library/Zend/Form/Fieldset.php:223
Stack trace:
#0 /media/wtk13/Reszta/htdocs/tartak/module/Product/view/product/product/edit.phtml(7): Zend\Form\Fieldset->get('filename_main')
#1 /media/wtk13/Reszta/htdocs/tartak/vendor/zendframework/zendframework/library/Zend/View/Renderer/PhpRenderer.php(506): include('/media/wtk13/Re...')
#2 /media/wtk13/Reszta/htdocs/tartak/vendor/zendframework/zendframework/library/Zend/View/View.php(205): Zend\View\Renderer\PhpRenderer->render(Object(Zend\View\Model\ViewModel))
#3 /media/wtk13/Reszta/htdocs/tartak/vendor/zendframework/zendframework/library/Zend/View/View.php(233): Zend\View\View->render(Object(Zend\View\Model\ViewModel))
#4 /media/wtk13/Reszta/htdocs/tartak/vendor/zendframework/zendframework/library/Zend/View/View.php(198): Zend\View\View->renderChildren(Object(Zend\View\Model\ViewModel))
#5 /media/wtk13/Reszta/htdocs/tartak/vendor/zendframework/zendframework/library/Zend/Mvc/View/Http/DefaultRenderingStrategy.php(103): Zend\View\View->render(Object(Zend\View\Model\ViewModel))
#6 [internal function]: Zend\Mvc\View\Http\DefaultRenderingStrategy->render(Object(Zend\Mvc\MvcEvent))
#7 /media/wtk13/Reszta/htdocs/tartak/vendor/zendframework/zendframework/library/Zend/EventManager/EventManager.php(468): call_user_func(Array, Object(Zend\Mvc\MvcEvent))
#8 /media/wtk13/Reszta/htdocs/tartak/vendor/zendframework/zendframework/library/Zend/EventManager/EventManager.php(207): Zend\EventManager\EventManager->triggerListeners('render', Object(Zend\Mvc\MvcEvent), Array)
#9 /media/wtk13/Reszta/htdocs/tartak/vendor/zendframework/zendframework/library/Zend/Mvc/Application.php(352): Zend\EventManager\EventManager->trigger('render', Object(Zend\Mvc\MvcEvent))
#10 /media/wtk13/Reszta/htdocs/tartak/vendor/zendframework/zendframework/library/Zend/Mvc/Application.php(327): Zend\Mvc\Application->completeRequest(Object(Zend\Mvc\MvcEvent))
#11 /media/wtk13/Reszta/htdocs/tartak/public/index.php(17): Zend\Mvc\Application->run()
#12 {main}
2015-08-22T15:51:25+02:00 CRIT (2): exception 'Zend\Form\Exception\InvalidElementException' with message 'No element by the name of [filename_main] found in form' in /media/wtk13/Reszta/htdocs/tartak/vendor/zendframework/zendframework/library/Zend/Form/Fieldset.php:223
Stack trace:
#0 /media/wtk13/Reszta/htdocs/tartak/module/Product/view/product/product/edit.phtml(7): Zend\Form\Fieldset->get('filename_main')
#1 /media/wtk13/Reszta/htdocs/tartak/vendor/zendframework/zendframework/library/Zend/View/Renderer/PhpRenderer.php(506): include('/media/wtk13/Re...')
#2 /media/wtk13/Reszta/htdocs/tartak/vendor/zendframework/zendframework/library/Zend/View/View.php(205): Zend\View\Renderer\PhpRenderer->render(Object(Zend\View\Model\ViewModel))
#3 /media/wtk13/Reszta/htdocs/tartak/vendor/zendframework/zendframework/library/Zend/View/View.php(233): Zend\View\View->render(Object(Zend\View\Model\ViewModel))
#4 /media/wtk13/Reszta/htdocs/tartak/vendor/zendframework/zendframework/library/Zend/View/View.php(198): Zend\View\View->renderChildren(Object(Zend\View\Model\ViewModel))
#5 /media/wtk13/Reszta/htdocs/tartak/vendor/zendframework/zendframework/library/Zend/Mvc/View/Http/DefaultRenderingStrategy.php(103): Zend\View\View->render(Object(Zend\View\Model\ViewModel))
#6 [internal function]: Zend\Mvc\View\Http\DefaultRenderingStrategy->render(Object(Zend\Mvc\MvcEvent))
#7 /media/wtk13/Reszta/htdocs/tartak/vendor/zendframework/zendframework/library/Zend/EventManager/EventManager.php(468): call_user_func(Array, Object(Zend\Mvc\MvcEvent))
#8 /media/wtk13/Reszta/htdocs/tartak/vendor/zendframework/zendframework/library/Zend/EventManager/EventManager.php(207): Zend\EventManager\EventManager->triggerListeners('render', Object(Zend\Mvc\MvcEvent), Array)
#9 /media/wtk13/Reszta/htdocs/tartak/vendor/zendframework/zendframework/library/Zend/Mvc/Application.php(352): Zend\EventManager\EventManager->trigger('render', Object(Zend\Mvc\MvcEvent))
#10 /media/wtk13/Reszta/htdocs/tartak/vendor/zendframework/zendframework/library/Zend/Mvc/Application.php(327): Zend\Mvc\Application->completeRequest(Object(Zend\Mvc\MvcEvent))
#11 /media/wtk13/Reszta/htdocs/tartak/public/index.php(17): Zend\Mvc\Application->run()
#12 {main}
2015-08-22T15:51:45+02:00 CRIT (2): exception 'Zend\Form\Exception\InvalidElementException' with message 'No element by the name of [filename_main] found in form' in /media/wtk13/Reszta/htdocs/tartak/vendor/zendframework/zendframework/library/Zend/Form/Fieldset.php:223
Stack trace:
#0 /media/wtk13/Reszta/htdocs/tartak/module/Product/view/product/product/edit.phtml(7): Zend\Form\Fieldset->get('filename_main')
#1 /media/wtk13/Reszta/htdocs/tartak/vendor/zendframework/zendframework/library/Zend/View/Renderer/PhpRenderer.php(506): include('/media/wtk13/Re...')
#2 /media/wtk13/Reszta/htdocs/tartak/vendor/zendframework/zendframework/library/Zend/View/View.php(205): Zend\View\Renderer\PhpRenderer->render(Object(Zend\View\Model\ViewModel))
#3 /media/wtk13/Reszta/htdocs/tartak/vendor/zendframework/zendframework/library/Zend/View/View.php(233): Zend\View\View->render(Object(Zend\View\Model\ViewModel))
#4 /media/wtk13/Reszta/htdocs/tartak/vendor/zendframework/zendframework/library/Zend/View/View.php(198): Zend\View\View->renderChildren(Object(Zend\View\Model\ViewModel))
#5 /media/wtk13/Reszta/htdocs/tartak/vendor/zendframework/zendframework/library/Zend/Mvc/View/Http/DefaultRenderingStrategy.php(103): Zend\View\View->render(Object(Zend\View\Model\ViewModel))
#6 [internal function]: Zend\Mvc\View\Http\DefaultRenderingStrategy->render(Object(Zend\Mvc\MvcEvent))
#7 /media/wtk13/Reszta/htdocs/tartak/vendor/zendframework/zendframework/library/Zend/EventManager/EventManager.php(468): call_user_func(Array, Object(Zend\Mvc\MvcEvent))
#8 /media/wtk13/Reszta/htdocs/tartak/vendor/zendframework/zendframework/library/Zend/EventManager/EventManager.php(207): Zend\EventManager\EventManager->triggerListeners('render', Object(Zend\Mvc\MvcEvent), Array)
#9 /media/wtk13/Reszta/htdocs/tartak/vendor/zendframework/zendframework/library/Zend/Mvc/Application.php(352): Zend\EventManager\EventManager->trigger('render', Object(Zend\Mvc\MvcEvent))
#10 /media/wtk13/Reszta/htdocs/tartak/vendor/zendframework/zendframework/library/Zend/Mvc/Application.php(327): Zend\Mvc\Application->completeRequest(Object(Zend\Mvc\MvcEvent))
#11 /media/wtk13/Reszta/htdocs/tartak/public/index.php(17): Zend\Mvc\Application->run()
#12 {main}
2015-08-22T16:11:49+02:00 CRIT (2): exception 'PDOException' with message 'SQLSTATE[23000]: Integrity constraint violation: 1452 Cannot add or update a child row: a foreign key constraint fails (`tartak`.`product`, CONSTRAINT `product_ibfk_1` FOREIGN KEY (`category_id`) REFERENCES `cms_category` (`id`) ON DELETE CASCADE ON UPDATE NO ACTION)' in /media/wtk13/Reszta/htdocs/tartak/vendor/zendframework/zendframework/library/Zend/Db/Adapter/Driver/Pdo/Statement.php:239
Stack trace:
#0 /media/wtk13/Reszta/htdocs/tartak/vendor/zendframework/zendframework/library/Zend/Db/Adapter/Driver/Pdo/Statement.php(239): PDOStatement->execute()
#1 /media/wtk13/Reszta/htdocs/tartak/vendor/zendframework/zendframework/library/Zend/Db/TableGateway/AbstractTableGateway.php(291): Zend\Db\Adapter\Driver\Pdo\Statement->execute()
#2 /media/wtk13/Reszta/htdocs/tartak/vendor/zendframework/zendframework/library/Zend/Db/TableGateway/AbstractTableGateway.php(258): Zend\Db\TableGateway\AbstractTableGateway->executeInsert(Object(Zend\Db\Sql\Insert))
#3 /media/wtk13/Reszta/htdocs/tartak/module/Product/src/Product/Model/ProductTable.php(85): Zend\Db\TableGateway\AbstractTableGateway->insert(Array)
#4 /media/wtk13/Reszta/htdocs/tartak/module/Product/src/Product/Controller/ProductController.php(60): Product\Model\ProductTable->save(Object(Product\Model\Product))
#5 /media/wtk13/Reszta/htdocs/tartak/vendor/zendframework/zendframework/library/Zend/Mvc/Controller/AbstractActionController.php(83): Product\Controller\ProductController->createAction()
#6 [internal function]: Zend\Mvc\Controller\AbstractActionController->onDispatch(Object(Zend\Mvc\MvcEvent))
#7 /media/wtk13/Reszta/htdocs/tartak/vendor/zendframework/zendframework/library/Zend/EventManager/EventManager.php(468): call_user_func(Array, Object(Zend\Mvc\MvcEvent))
#8 /media/wtk13/Reszta/htdocs/tartak/vendor/zendframework/zendframework/library/Zend/EventManager/EventManager.php(207): Zend\EventManager\EventManager->triggerListeners('dispatch', Object(Zend\Mvc\MvcEvent), Object(Closure))
#9 /media/wtk13/Reszta/htdocs/tartak/vendor/zendframework/zendframework/library/Zend/Mvc/Controller/AbstractController.php(116): Zend\EventManager\EventManager->trigger('dispatch', Object(Zend\Mvc\MvcEvent), Object(Closure))
#10 /media/wtk13/Reszta/htdocs/tartak/vendor/zendframework/zendframework/library/Zend/Mvc/DispatchListener.php(113): Zend\Mvc\Controller\AbstractController->dispatch(Object(Zend\Http\PhpEnvironment\Request), Object(Zend\Http\PhpEnvironment\Response))
#11 [internal function]: Zend\Mvc\DispatchListener->onDispatch(Object(Zend\Mvc\MvcEvent))
#12 /media/wtk13/Reszta/htdocs/tartak/vendor/zendframework/zendframework/library/Zend/EventManager/EventManager.php(468): call_user_func(Array, Object(Zend\Mvc\MvcEvent))
#13 /media/wtk13/Reszta/htdocs/tartak/vendor/zendframework/zendframework/library/Zend/EventManager/EventManager.php(207): Zend\EventManager\EventManager->triggerListeners('dispatch', Object(Zend\Mvc\MvcEvent), Object(Closure))
#14 /media/wtk13/Reszta/htdocs/tartak/vendor/zendframework/zendframework/library/Zend/Mvc/Application.php(313): Zend\EventManager\EventManager->trigger('dispatch', Object(Zend\Mvc\MvcEvent), Object(Closure))
#15 /media/wtk13/Reszta/htdocs/tartak/public/index.php(17): Zend\Mvc\Application->run()
#16 {main}

Next exception 'Zend\Db\Adapter\Exception\InvalidQueryException' with message 'Statement could not be executed (23000 - 1452 - Cannot add or update a child row: a foreign key constraint fails (`tartak`.`product`, CONSTRAINT `product_ibfk_1` FOREIGN KEY (`category_id`) REFERENCES `cms_category` (`id`) ON DELETE CASCADE ON UPDATE NO ACTION))' in /media/wtk13/Reszta/htdocs/tartak/vendor/zendframework/zendframework/library/Zend/Db/Adapter/Driver/Pdo/Statement.php:244
Stack trace:
#0 /media/wtk13/Reszta/htdocs/tartak/vendor/zendframework/zendframework/library/Zend/Db/TableGateway/AbstractTableGateway.php(291): Zend\Db\Adapter\Driver\Pdo\Statement->execute()
#1 /media/wtk13/Reszta/htdocs/tartak/vendor/zendframework/zendframework/library/Zend/Db/TableGateway/AbstractTableGateway.php(258): Zend\Db\TableGateway\AbstractTableGateway->executeInsert(Object(Zend\Db\Sql\Insert))
#2 /media/wtk13/Reszta/htdocs/tartak/module/Product/src/Product/Model/ProductTable.php(85): Zend\Db\TableGateway\AbstractTableGateway->insert(Array)
#3 /media/wtk13/Reszta/htdocs/tartak/module/Product/src/Product/Controller/ProductController.php(60): Product\Model\ProductTable->save(Object(Product\Model\Product))
#4 /media/wtk13/Reszta/htdocs/tartak/vendor/zendframework/zendframework/library/Zend/Mvc/Controller/AbstractActionController.php(83): Product\Controller\ProductController->createAction()
#5 [internal function]: Zend\Mvc\Controller\AbstractActionController->onDispatch(Object(Zend\Mvc\MvcEvent))
#6 /media/wtk13/Reszta/htdocs/tartak/vendor/zendframework/zendframework/library/Zend/EventManager/EventManager.php(468): call_user_func(Array, Object(Zend\Mvc\MvcEvent))
#7 /media/wtk13/Reszta/htdocs/tartak/vendor/zendframework/zendframework/library/Zend/EventManager/EventManager.php(207): Zend\EventManager\EventManager->triggerListeners('dispatch', Object(Zend\Mvc\MvcEvent), Object(Closure))
#8 /media/wtk13/Reszta/htdocs/tartak/vendor/zendframework/zendframework/library/Zend/Mvc/Controller/AbstractController.php(116): Zend\EventManager\EventManager->trigger('dispatch', Object(Zend\Mvc\MvcEvent), Object(Closure))
#9 /media/wtk13/Reszta/htdocs/tartak/vendor/zendframework/zendframework/library/Zend/Mvc/DispatchListener.php(113): Zend\Mvc\Controller\AbstractController->dispatch(Object(Zend\Http\PhpEnvironment\Request), Object(Zend\Http\PhpEnvironment\Response))
#10 [internal function]: Zend\Mvc\DispatchListener->onDispatch(Object(Zend\Mvc\MvcEvent))
#11 /media/wtk13/Reszta/htdocs/tartak/vendor/zendframework/zendframework/library/Zend/EventManager/EventManager.php(468): call_user_func(Array, Object(Zend\Mvc\MvcEvent))
#12 /media/wtk13/Reszta/htdocs/tartak/vendor/zendframework/zendframework/library/Zend/EventManager/EventManager.php(207): Zend\EventManager\EventManager->triggerListeners('dispatch', Object(Zend\Mvc\MvcEvent), Object(Closure))
#13 /media/wtk13/Reszta/htdocs/tartak/vendor/zendframework/zendframework/library/Zend/Mvc/Application.php(313): Zend\EventManager\EventManager->trigger('dispatch', Object(Zend\Mvc\MvcEvent), Object(Closure))
#14 /media/wtk13/Reszta/htdocs/tartak/public/index.php(17): Zend\Mvc\Application->run()
#15 {main}
