2015-09-19T20:08:29+02:00 CRIT (2): exception 'Zend\View\Exception\RuntimeException' with message 'Zend\View\Renderer\PhpRenderer::render: Unable to render template "cms-ir/system/create-thumb"; resolver could not resolve to a file' in /media/wtk13/Reszta/htdocs/tartak/vendor/zendframework/zendframework/library/Zend/View/Renderer/PhpRenderer.php:498
Stack trace:
#0 /media/wtk13/Reszta/htdocs/tartak/vendor/zendframework/zendframework/library/Zend/View/View.php(205): Zend\View\Renderer\PhpRenderer->render(Object(Zend\View\Model\ViewModel))
#1 /media/wtk13/Reszta/htdocs/tartak/vendor/zendframework/zendframework/library/Zend/View/View.php(233): Zend\View\View->render(Object(Zend\View\Model\ViewModel))
#2 /media/wtk13/Reszta/htdocs/tartak/vendor/zendframework/zendframework/library/Zend/View/View.php(198): Zend\View\View->renderChildren(Object(Zend\View\Model\ViewModel))
#3 /media/wtk13/Reszta/htdocs/tartak/vendor/zendframework/zendframework/library/Zend/Mvc/View/Http/DefaultRenderingStrategy.php(103): Zend\View\View->render(Object(Zend\View\Model\ViewModel))
#4 [internal function]: Zend\Mvc\View\Http\DefaultRenderingStrategy->render(Object(Zend\Mvc\MvcEvent))
#5 /media/wtk13/Reszta/htdocs/tartak/vendor/zendframework/zendframework/library/Zend/EventManager/EventManager.php(468): call_user_func(Array, Object(Zend\Mvc\MvcEvent))
#6 /media/wtk13/Reszta/htdocs/tartak/vendor/zendframework/zendframework/library/Zend/EventManager/EventManager.php(207): Zend\EventManager\EventManager->triggerListeners('render', Object(Zend\Mvc\MvcEvent), Array)
#7 /media/wtk13/Reszta/htdocs/tartak/vendor/zendframework/zendframework/library/Zend/Mvc/Application.php(352): Zend\EventManager\EventManager->trigger('render', Object(Zend\Mvc\MvcEvent))
#8 /media/wtk13/Reszta/htdocs/tartak/vendor/zendframework/zendframework/library/Zend/Mvc/Application.php(327): Zend\Mvc\Application->completeRequest(Object(Zend\Mvc\MvcEvent))
#9 /media/wtk13/Reszta/htdocs/tartak/public/index.php(17): Zend\Mvc\Application->run()
#10 {main}
2015-09-19T20:08:47+02:00 CRIT (2): exception 'Zend\View\Exception\RuntimeException' with message 'Zend\View\Renderer\PhpRenderer::render: Unable to render template "cms-ir/system/create-thumb"; resolver could not resolve to a file' in /media/wtk13/Reszta/htdocs/tartak/vendor/zendframework/zendframework/library/Zend/View/Renderer/PhpRenderer.php:498
Stack trace:
#0 /media/wtk13/Reszta/htdocs/tartak/vendor/zendframework/zendframework/library/Zend/View/View.php(205): Zend\View\Renderer\PhpRenderer->render(Object(Zend\View\Model\ViewModel))
#1 /media/wtk13/Reszta/htdocs/tartak/vendor/zendframework/zendframework/library/Zend/View/View.php(233): Zend\View\View->render(Object(Zend\View\Model\ViewModel))
#2 /media/wtk13/Reszta/htdocs/tartak/vendor/zendframework/zendframework/library/Zend/View/View.php(198): Zend\View\View->renderChildren(Object(Zend\View\Model\ViewModel))
#3 /media/wtk13/Reszta/htdocs/tartak/vendor/zendframework/zendframework/library/Zend/Mvc/View/Http/DefaultRenderingStrategy.php(103): Zend\View\View->render(Object(Zend\View\Model\ViewModel))
#4 [internal function]: Zend\Mvc\View\Http\DefaultRenderingStrategy->render(Object(Zend\Mvc\MvcEvent))
#5 /media/wtk13/Reszta/htdocs/tartak/vendor/zendframework/zendframework/library/Zend/EventManager/EventManager.php(468): call_user_func(Array, Object(Zend\Mvc\MvcEvent))
#6 /media/wtk13/Reszta/htdocs/tartak/vendor/zendframework/zendframework/library/Zend/EventManager/EventManager.php(207): Zend\EventManager\EventManager->triggerListeners('render', Object(Zend\Mvc\MvcEvent), Array)
#7 /media/wtk13/Reszta/htdocs/tartak/vendor/zendframework/zendframework/library/Zend/Mvc/Application.php(352): Zend\EventManager\EventManager->trigger('render', Object(Zend\Mvc\MvcEvent))
#8 /media/wtk13/Reszta/htdocs/tartak/vendor/zendframework/zendframework/library/Zend/Mvc/Application.php(327): Zend\Mvc\Application->completeRequest(Object(Zend\Mvc\MvcEvent))
#9 /media/wtk13/Reszta/htdocs/tartak/public/index.php(17): Zend\Mvc\Application->run()
#10 {main}
2015-09-19T21:06:21+02:00 CRIT (2): exception 'Zend\View\Exception\RuntimeException' with message 'Zend\View\Renderer\PhpRenderer::render: Unable to render template "cms-ir/system/create-thumb"; resolver could not resolve to a file' in /media/wtk13/Reszta/htdocs/tartak/vendor/zendframework/zendframework/library/Zend/View/Renderer/PhpRenderer.php:498
Stack trace:
#0 /media/wtk13/Reszta/htdocs/tartak/vendor/zendframework/zendframework/library/Zend/View/View.php(205): Zend\View\Renderer\PhpRenderer->render(Object(Zend\View\Model\ViewModel))
#1 /media/wtk13/Reszta/htdocs/tartak/vendor/zendframework/zendframework/library/Zend/View/View.php(233): Zend\View\View->render(Object(Zend\View\Model\ViewModel))
#2 /media/wtk13/Reszta/htdocs/tartak/vendor/zendframework/zendframework/library/Zend/View/View.php(198): Zend\View\View->renderChildren(Object(Zend\View\Model\ViewModel))
#3 /media/wtk13/Reszta/htdocs/tartak/vendor/zendframework/zendframework/library/Zend/Mvc/View/Http/DefaultRenderingStrategy.php(103): Zend\View\View->render(Object(Zend\View\Model\ViewModel))
#4 [internal function]: Zend\Mvc\View\Http\DefaultRenderingStrategy->render(Object(Zend\Mvc\MvcEvent))
#5 /media/wtk13/Reszta/htdocs/tartak/vendor/zendframework/zendframework/library/Zend/EventManager/EventManager.php(468): call_user_func(Array, Object(Zend\Mvc\MvcEvent))
#6 /media/wtk13/Reszta/htdocs/tartak/vendor/zendframework/zendframework/library/Zend/EventManager/EventManager.php(207): Zend\EventManager\EventManager->triggerListeners('render', Object(Zend\Mvc\MvcEvent), Array)
#7 /media/wtk13/Reszta/htdocs/tartak/vendor/zendframework/zendframework/library/Zend/Mvc/Application.php(352): Zend\EventManager\EventManager->trigger('render', Object(Zend\Mvc\MvcEvent))
#8 /media/wtk13/Reszta/htdocs/tartak/vendor/zendframework/zendframework/library/Zend/Mvc/Application.php(327): Zend\Mvc\Application->completeRequest(Object(Zend\Mvc\MvcEvent))
#9 /media/wtk13/Reszta/htdocs/tartak/public/index.php(17): Zend\Mvc\Application->run()
#10 {main}
2015-09-19T21:06:32+02:00 CRIT (2): exception 'Zend\View\Exception\RuntimeException' with message 'Zend\View\Renderer\PhpRenderer::render: Unable to render template "cms-ir/system/create-thumb"; resolver could not resolve to a file' in /media/wtk13/Reszta/htdocs/tartak/vendor/zendframework/zendframework/library/Zend/View/Renderer/PhpRenderer.php:498
Stack trace:
#0 /media/wtk13/Reszta/htdocs/tartak/vendor/zendframework/zendframework/library/Zend/View/View.php(205): Zend\View\Renderer\PhpRenderer->render(Object(Zend\View\Model\ViewModel))
#1 /media/wtk13/Reszta/htdocs/tartak/vendor/zendframework/zendframework/library/Zend/View/View.php(233): Zend\View\View->render(Object(Zend\View\Model\ViewModel))
#2 /media/wtk13/Reszta/htdocs/tartak/vendor/zendframework/zendframework/library/Zend/View/View.php(198): Zend\View\View->renderChildren(Object(Zend\View\Model\ViewModel))
#3 /media/wtk13/Reszta/htdocs/tartak/vendor/zendframework/zendframework/library/Zend/Mvc/View/Http/DefaultRenderingStrategy.php(103): Zend\View\View->render(Object(Zend\View\Model\ViewModel))
#4 [internal function]: Zend\Mvc\View\Http\DefaultRenderingStrategy->render(Object(Zend\Mvc\MvcEvent))
#5 /media/wtk13/Reszta/htdocs/tartak/vendor/zendframework/zendframework/library/Zend/EventManager/EventManager.php(468): call_user_func(Array, Object(Zend\Mvc\MvcEvent))
#6 /media/wtk13/Reszta/htdocs/tartak/vendor/zendframework/zendframework/library/Zend/EventManager/EventManager.php(207): Zend\EventManager\EventManager->triggerListeners('render', Object(Zend\Mvc\MvcEvent), Array)
#7 /media/wtk13/Reszta/htdocs/tartak/vendor/zendframework/zendframework/library/Zend/Mvc/Application.php(352): Zend\EventManager\EventManager->trigger('render', Object(Zend\Mvc\MvcEvent))
#8 /media/wtk13/Reszta/htdocs/tartak/vendor/zendframework/zendframework/library/Zend/Mvc/Application.php(327): Zend\Mvc\Application->completeRequest(Object(Zend\Mvc\MvcEvent))
#9 /media/wtk13/Reszta/htdocs/tartak/public/index.php(17): Zend\Mvc\Application->run()
#10 {main}
2015-09-19T21:06:33+02:00 CRIT (2): exception 'Zend\View\Exception\RuntimeException' with message 'Zend\View\Renderer\PhpRenderer::render: Unable to render template "cms-ir/system/create-thumb"; resolver could not resolve to a file' in /media/wtk13/Reszta/htdocs/tartak/vendor/zendframework/zendframework/library/Zend/View/Renderer/PhpRenderer.php:498
Stack trace:
#0 /media/wtk13/Reszta/htdocs/tartak/vendor/zendframework/zendframework/library/Zend/View/View.php(205): Zend\View\Renderer\PhpRenderer->render(Object(Zend\View\Model\ViewModel))
#1 /media/wtk13/Reszta/htdocs/tartak/vendor/zendframework/zendframework/library/Zend/View/View.php(233): Zend\View\View->render(Object(Zend\View\Model\ViewModel))
#2 /media/wtk13/Reszta/htdocs/tartak/vendor/zendframework/zendframework/library/Zend/View/View.php(198): Zend\View\View->renderChildren(Object(Zend\View\Model\ViewModel))
#3 /media/wtk13/Reszta/htdocs/tartak/vendor/zendframework/zendframework/library/Zend/Mvc/View/Http/DefaultRenderingStrategy.php(103): Zend\View\View->render(Object(Zend\View\Model\ViewModel))
#4 [internal function]: Zend\Mvc\View\Http\DefaultRenderingStrategy->render(Object(Zend\Mvc\MvcEvent))
#5 /media/wtk13/Reszta/htdocs/tartak/vendor/zendframework/zendframework/library/Zend/EventManager/EventManager.php(468): call_user_func(Array, Object(Zend\Mvc\MvcEvent))
#6 /media/wtk13/Reszta/htdocs/tartak/vendor/zendframework/zendframework/library/Zend/EventManager/EventManager.php(207): Zend\EventManager\EventManager->triggerListeners('render', Object(Zend\Mvc\MvcEvent), Array)
#7 /media/wtk13/Reszta/htdocs/tartak/vendor/zendframework/zendframework/library/Zend/Mvc/Application.php(352): Zend\EventManager\EventManager->trigger('render', Object(Zend\Mvc\MvcEvent))
#8 /media/wtk13/Reszta/htdocs/tartak/vendor/zendframework/zendframework/library/Zend/Mvc/Application.php(327): Zend\Mvc\Application->completeRequest(Object(Zend\Mvc\MvcEvent))
#9 /media/wtk13/Reszta/htdocs/tartak/public/index.php(17): Zend\Mvc\Application->run()
#10 {main}
2015-09-19T21:06:33+02:00 CRIT (2): exception 'Zend\View\Exception\RuntimeException' with message 'Zend\View\Renderer\PhpRenderer::render: Unable to render template "cms-ir/system/create-thumb"; resolver could not resolve to a file' in /media/wtk13/Reszta/htdocs/tartak/vendor/zendframework/zendframework/library/Zend/View/Renderer/PhpRenderer.php:498
Stack trace:
#0 /media/wtk13/Reszta/htdocs/tartak/vendor/zendframework/zendframework/library/Zend/View/View.php(205): Zend\View\Renderer\PhpRenderer->render(Object(Zend\View\Model\ViewModel))
#1 /media/wtk13/Reszta/htdocs/tartak/vendor/zendframework/zendframework/library/Zend/View/View.php(233): Zend\View\View->render(Object(Zend\View\Model\ViewModel))
#2 /media/wtk13/Reszta/htdocs/tartak/vendor/zendframework/zendframework/library/Zend/View/View.php(198): Zend\View\View->renderChildren(Object(Zend\View\Model\ViewModel))
#3 /media/wtk13/Reszta/htdocs/tartak/vendor/zendframework/zendframework/library/Zend/Mvc/View/Http/DefaultRenderingStrategy.php(103): Zend\View\View->render(Object(Zend\View\Model\ViewModel))
#4 [internal function]: Zend\Mvc\View\Http\DefaultRenderingStrategy->render(Object(Zend\Mvc\MvcEvent))
#5 /media/wtk13/Reszta/htdocs/tartak/vendor/zendframework/zendframework/library/Zend/EventManager/EventManager.php(468): call_user_func(Array, Object(Zend\Mvc\MvcEvent))
#6 /media/wtk13/Reszta/htdocs/tartak/vendor/zendframework/zendframework/library/Zend/EventManager/EventManager.php(207): Zend\EventManager\EventManager->triggerListeners('render', Object(Zend\Mvc\MvcEvent), Array)
#7 /media/wtk13/Reszta/htdocs/tartak/vendor/zendframework/zendframework/library/Zend/Mvc/Application.php(352): Zend\EventManager\EventManager->trigger('render', Object(Zend\Mvc\MvcEvent))
#8 /media/wtk13/Reszta/htdocs/tartak/vendor/zendframework/zendframework/library/Zend/Mvc/Application.php(327): Zend\Mvc\Application->completeRequest(Object(Zend\Mvc\MvcEvent))
#9 /media/wtk13/Reszta/htdocs/tartak/public/index.php(17): Zend\Mvc\Application->run()
#10 {main}
2015-09-19T21:06:33+02:00 CRIT (2): exception 'Zend\View\Exception\RuntimeException' with message 'Zend\View\Renderer\PhpRenderer::render: Unable to render template "cms-ir/system/create-thumb"; resolver could not resolve to a file' in /media/wtk13/Reszta/htdocs/tartak/vendor/zendframework/zendframework/library/Zend/View/Renderer/PhpRenderer.php:498
Stack trace:
#0 /media/wtk13/Reszta/htdocs/tartak/vendor/zendframework/zendframework/library/Zend/View/View.php(205): Zend\View\Renderer\PhpRenderer->render(Object(Zend\View\Model\ViewModel))
#1 /media/wtk13/Reszta/htdocs/tartak/vendor/zendframework/zendframework/library/Zend/View/View.php(233): Zend\View\View->render(Object(Zend\View\Model\ViewModel))
#2 /media/wtk13/Reszta/htdocs/tartak/vendor/zendframework/zendframework/library/Zend/View/View.php(198): Zend\View\View->renderChildren(Object(Zend\View\Model\ViewModel))
#3 /media/wtk13/Reszta/htdocs/tartak/vendor/zendframework/zendframework/library/Zend/Mvc/View/Http/DefaultRenderingStrategy.php(103): Zend\View\View->render(Object(Zend\View\Model\ViewModel))
#4 [internal function]: Zend\Mvc\View\Http\DefaultRenderingStrategy->render(Object(Zend\Mvc\MvcEvent))
#5 /media/wtk13/Reszta/htdocs/tartak/vendor/zendframework/zendframework/library/Zend/EventManager/EventManager.php(468): call_user_func(Array, Object(Zend\Mvc\MvcEvent))
#6 /media/wtk13/Reszta/htdocs/tartak/vendor/zendframework/zendframework/library/Zend/EventManager/EventManager.php(207): Zend\EventManager\EventManager->triggerListeners('render', Object(Zend\Mvc\MvcEvent), Array)
#7 /media/wtk13/Reszta/htdocs/tartak/vendor/zendframework/zendframework/library/Zend/Mvc/Application.php(352): Zend\EventManager\EventManager->trigger('render', Object(Zend\Mvc\MvcEvent))
#8 /media/wtk13/Reszta/htdocs/tartak/vendor/zendframework/zendframework/library/Zend/Mvc/Application.php(327): Zend\Mvc\Application->completeRequest(Object(Zend\Mvc\MvcEvent))
#9 /media/wtk13/Reszta/htdocs/tartak/public/index.php(17): Zend\Mvc\Application->run()
#10 {main}
2015-09-19T21:15:04+02:00 CRIT (2): exception 'Zend\View\Exception\RuntimeException' with message 'Zend\View\Renderer\PhpRenderer::render: Unable to render template "cms-ir/system/create-thumb"; resolver could not resolve to a file' in /media/wtk13/Reszta/htdocs/tartak/vendor/zendframework/zendframework/library/Zend/View/Renderer/PhpRenderer.php:498
Stack trace:
#0 /media/wtk13/Reszta/htdocs/tartak/vendor/zendframework/zendframework/library/Zend/View/View.php(205): Zend\View\Renderer\PhpRenderer->render(Object(Zend\View\Model\ViewModel))
#1 /media/wtk13/Reszta/htdocs/tartak/vendor/zendframework/zendframework/library/Zend/View/View.php(233): Zend\View\View->render(Object(Zend\View\Model\ViewModel))
#2 /media/wtk13/Reszta/htdocs/tartak/vendor/zendframework/zendframework/library/Zend/View/View.php(198): Zend\View\View->renderChildren(Object(Zend\View\Model\ViewModel))
#3 /media/wtk13/Reszta/htdocs/tartak/vendor/zendframework/zendframework/library/Zend/Mvc/View/Http/DefaultRenderingStrategy.php(103): Zend\View\View->render(Object(Zend\View\Model\ViewModel))
#4 [internal function]: Zend\Mvc\View\Http\DefaultRenderingStrategy->render(Object(Zend\Mvc\MvcEvent))
#5 /media/wtk13/Reszta/htdocs/tartak/vendor/zendframework/zendframework/library/Zend/EventManager/EventManager.php(468): call_user_func(Array, Object(Zend\Mvc\MvcEvent))
#6 /media/wtk13/Reszta/htdocs/tartak/vendor/zendframework/zendframework/library/Zend/EventManager/EventManager.php(207): Zend\EventManager\EventManager->triggerListeners('render', Object(Zend\Mvc\MvcEvent), Array)
#7 /media/wtk13/Reszta/htdocs/tartak/vendor/zendframework/zendframework/library/Zend/Mvc/Application.php(352): Zend\EventManager\EventManager->trigger('render', Object(Zend\Mvc\MvcEvent))
#8 /media/wtk13/Reszta/htdocs/tartak/vendor/zendframework/zendframework/library/Zend/Mvc/Application.php(327): Zend\Mvc\Application->completeRequest(Object(Zend\Mvc\MvcEvent))
#9 /media/wtk13/Reszta/htdocs/tartak/public/index.php(17): Zend\Mvc\Application->run()
#10 {main}
2015-09-19T21:15:05+02:00 CRIT (2): exception 'Zend\View\Exception\RuntimeException' with message 'Zend\View\Renderer\PhpRenderer::render: Unable to render template "cms-ir/system/create-thumb"; resolver could not resolve to a file' in /media/wtk13/Reszta/htdocs/tartak/vendor/zendframework/zendframework/library/Zend/View/Renderer/PhpRenderer.php:498
Stack trace:
#0 /media/wtk13/Reszta/htdocs/tartak/vendor/zendframework/zendframework/library/Zend/View/View.php(205): Zend\View\Renderer\PhpRenderer->render(Object(Zend\View\Model\ViewModel))
#1 /media/wtk13/Reszta/htdocs/tartak/vendor/zendframework/zendframework/library/Zend/View/View.php(233): Zend\View\View->render(Object(Zend\View\Model\ViewModel))
#2 /media/wtk13/Reszta/htdocs/tartak/vendor/zendframework/zendframework/library/Zend/View/View.php(198): Zend\View\View->renderChildren(Object(Zend\View\Model\ViewModel))
#3 /media/wtk13/Reszta/htdocs/tartak/vendor/zendframework/zendframework/library/Zend/Mvc/View/Http/DefaultRenderingStrategy.php(103): Zend\View\View->render(Object(Zend\View\Model\ViewModel))
#4 [internal function]: Zend\Mvc\View\Http\DefaultRenderingStrategy->render(Object(Zend\Mvc\MvcEvent))
#5 /media/wtk13/Reszta/htdocs/tartak/vendor/zendframework/zendframework/library/Zend/EventManager/EventManager.php(468): call_user_func(Array, Object(Zend\Mvc\MvcEvent))
#6 /media/wtk13/Reszta/htdocs/tartak/vendor/zendframework/zendframework/library/Zend/EventManager/EventManager.php(207): Zend\EventManager\EventManager->triggerListeners('render', Object(Zend\Mvc\MvcEvent), Array)
#7 /media/wtk13/Reszta/htdocs/tartak/vendor/zendframework/zendframework/library/Zend/Mvc/Application.php(352): Zend\EventManager\EventManager->trigger('render', Object(Zend\Mvc\MvcEvent))
#8 /media/wtk13/Reszta/htdocs/tartak/vendor/zendframework/zendframework/library/Zend/Mvc/Application.php(327): Zend\Mvc\Application->completeRequest(Object(Zend\Mvc\MvcEvent))
#9 /media/wtk13/Reszta/htdocs/tartak/public/index.php(17): Zend\Mvc\Application->run()
#10 {main}
2015-09-19T21:15:12+02:00 CRIT (2): exception 'Zend\View\Exception\RuntimeException' with message 'Zend\View\Renderer\PhpRenderer::render: Unable to render template "cms-ir/system/create-thumb"; resolver could not resolve to a file' in /media/wtk13/Reszta/htdocs/tartak/vendor/zendframework/zendframework/library/Zend/View/Renderer/PhpRenderer.php:498
Stack trace:
#0 /media/wtk13/Reszta/htdocs/tartak/vendor/zendframework/zendframework/library/Zend/View/View.php(205): Zend\View\Renderer\PhpRenderer->render(Object(Zend\View\Model\ViewModel))
#1 /media/wtk13/Reszta/htdocs/tartak/vendor/zendframework/zendframework/library/Zend/View/View.php(233): Zend\View\View->render(Object(Zend\View\Model\ViewModel))
#2 /media/wtk13/Reszta/htdocs/tartak/vendor/zendframework/zendframework/library/Zend/View/View.php(198): Zend\View\View->renderChildren(Object(Zend\View\Model\ViewModel))
#3 /media/wtk13/Reszta/htdocs/tartak/vendor/zendframework/zendframework/library/Zend/Mvc/View/Http/DefaultRenderingStrategy.php(103): Zend\View\View->render(Object(Zend\View\Model\ViewModel))
#4 [internal function]: Zend\Mvc\View\Http\DefaultRenderingStrategy->render(Object(Zend\Mvc\MvcEvent))
#5 /media/wtk13/Reszta/htdocs/tartak/vendor/zendframework/zendframework/library/Zend/EventManager/EventManager.php(468): call_user_func(Array, Object(Zend\Mvc\MvcEvent))
#6 /media/wtk13/Reszta/htdocs/tartak/vendor/zendframework/zendframework/library/Zend/EventManager/EventManager.php(207): Zend\EventManager\EventManager->triggerListeners('render', Object(Zend\Mvc\MvcEvent), Array)
#7 /media/wtk13/Reszta/htdocs/tartak/vendor/zendframework/zendframework/library/Zend/Mvc/Application.php(352): Zend\EventManager\EventManager->trigger('render', Object(Zend\Mvc\MvcEvent))
#8 /media/wtk13/Reszta/htdocs/tartak/vendor/zendframework/zendframework/library/Zend/Mvc/Application.php(327): Zend\Mvc\Application->completeRequest(Object(Zend\Mvc\MvcEvent))
#9 /media/wtk13/Reszta/htdocs/tartak/public/index.php(17): Zend\Mvc\Application->run()
#10 {main}
2015-09-19T21:15:13+02:00 CRIT (2): exception 'Zend\View\Exception\RuntimeException' with message 'Zend\View\Renderer\PhpRenderer::render: Unable to render template "cms-ir/system/create-thumb"; resolver could not resolve to a file' in /media/wtk13/Reszta/htdocs/tartak/vendor/zendframework/zendframework/library/Zend/View/Renderer/PhpRenderer.php:498
Stack trace:
#0 /media/wtk13/Reszta/htdocs/tartak/vendor/zendframework/zendframework/library/Zend/View/View.php(205): Zend\View\Renderer\PhpRenderer->render(Object(Zend\View\Model\ViewModel))
#1 /media/wtk13/Reszta/htdocs/tartak/vendor/zendframework/zendframework/library/Zend/View/View.php(233): Zend\View\View->render(Object(Zend\View\Model\ViewModel))
#2 /media/wtk13/Reszta/htdocs/tartak/vendor/zendframework/zendframework/library/Zend/View/View.php(198): Zend\View\View->renderChildren(Object(Zend\View\Model\ViewModel))
#3 /media/wtk13/Reszta/htdocs/tartak/vendor/zendframework/zendframework/library/Zend/Mvc/View/Http/DefaultRenderingStrategy.php(103): Zend\View\View->render(Object(Zend\View\Model\ViewModel))
#4 [internal function]: Zend\Mvc\View\Http\DefaultRenderingStrategy->render(Object(Zend\Mvc\MvcEvent))
#5 /media/wtk13/Reszta/htdocs/tartak/vendor/zendframework/zendframework/library/Zend/EventManager/EventManager.php(468): call_user_func(Array, Object(Zend\Mvc\MvcEvent))
#6 /media/wtk13/Reszta/htdocs/tartak/vendor/zendframework/zendframework/library/Zend/EventManager/EventManager.php(207): Zend\EventManager\EventManager->triggerListeners('render', Object(Zend\Mvc\MvcEvent), Array)
#7 /media/wtk13/Reszta/htdocs/tartak/vendor/zendframework/zendframework/library/Zend/Mvc/Application.php(352): Zend\EventManager\EventManager->trigger('render', Object(Zend\Mvc\MvcEvent))
#8 /media/wtk13/Reszta/htdocs/tartak/vendor/zendframework/zendframework/library/Zend/Mvc/Application.php(327): Zend\Mvc\Application->completeRequest(Object(Zend\Mvc\MvcEvent))
#9 /media/wtk13/Reszta/htdocs/tartak/public/index.php(17): Zend\Mvc\Application->run()
#10 {main}
2015-09-19T21:15:13+02:00 CRIT (2): exception 'Zend\View\Exception\RuntimeException' with message 'Zend\View\Renderer\PhpRenderer::render: Unable to render template "cms-ir/system/create-thumb"; resolver could not resolve to a file' in /media/wtk13/Reszta/htdocs/tartak/vendor/zendframework/zendframework/library/Zend/View/Renderer/PhpRenderer.php:498
Stack trace:
#0 /media/wtk13/Reszta/htdocs/tartak/vendor/zendframework/zendframework/library/Zend/View/View.php(205): Zend\View\Renderer\PhpRenderer->render(Object(Zend\View\Model\ViewModel))
#1 /media/wtk13/Reszta/htdocs/tartak/vendor/zendframework/zendframework/library/Zend/View/View.php(233): Zend\View\View->render(Object(Zend\View\Model\ViewModel))
#2 /media/wtk13/Reszta/htdocs/tartak/vendor/zendframework/zendframework/library/Zend/View/View.php(198): Zend\View\View->renderChildren(Object(Zend\View\Model\ViewModel))
#3 /media/wtk13/Reszta/htdocs/tartak/vendor/zendframework/zendframework/library/Zend/Mvc/View/Http/DefaultRenderingStrategy.php(103): Zend\View\View->render(Object(Zend\View\Model\ViewModel))
#4 [internal function]: Zend\Mvc\View\Http\DefaultRenderingStrategy->render(Object(Zend\Mvc\MvcEvent))
#5 /media/wtk13/Reszta/htdocs/tartak/vendor/zendframework/zendframework/library/Zend/EventManager/EventManager.php(468): call_user_func(Array, Object(Zend\Mvc\MvcEvent))
#6 /media/wtk13/Reszta/htdocs/tartak/vendor/zendframework/zendframework/library/Zend/EventManager/EventManager.php(207): Zend\EventManager\EventManager->triggerListeners('render', Object(Zend\Mvc\MvcEvent), Array)
#7 /media/wtk13/Reszta/htdocs/tartak/vendor/zendframework/zendframework/library/Zend/Mvc/Application.php(352): Zend\EventManager\EventManager->trigger('render', Object(Zend\Mvc\MvcEvent))
#8 /media/wtk13/Reszta/htdocs/tartak/vendor/zendframework/zendframework/library/Zend/Mvc/Application.php(327): Zend\Mvc\Application->completeRequest(Object(Zend\Mvc\MvcEvent))
#9 /media/wtk13/Reszta/htdocs/tartak/public/index.php(17): Zend\Mvc\Application->run()
#10 {main}
2015-09-19T21:15:13+02:00 CRIT (2): exception 'Zend\View\Exception\RuntimeException' with message 'Zend\View\Renderer\PhpRenderer::render: Unable to render template "cms-ir/system/create-thumb"; resolver could not resolve to a file' in /media/wtk13/Reszta/htdocs/tartak/vendor/zendframework/zendframework/library/Zend/View/Renderer/PhpRenderer.php:498
Stack trace:
#0 /media/wtk13/Reszta/htdocs/tartak/vendor/zendframework/zendframework/library/Zend/View/View.php(205): Zend\View\Renderer\PhpRenderer->render(Object(Zend\View\Model\ViewModel))
#1 /media/wtk13/Reszta/htdocs/tartak/vendor/zendframework/zendframework/library/Zend/View/View.php(233): Zend\View\View->render(Object(Zend\View\Model\ViewModel))
#2 /media/wtk13/Reszta/htdocs/tartak/vendor/zendframework/zendframework/library/Zend/View/View.php(198): Zend\View\View->renderChildren(Object(Zend\View\Model\ViewModel))
#3 /media/wtk13/Reszta/htdocs/tartak/vendor/zendframework/zendframework/library/Zend/Mvc/View/Http/DefaultRenderingStrategy.php(103): Zend\View\View->render(Object(Zend\View\Model\ViewModel))
#4 [internal function]: Zend\Mvc\View\Http\DefaultRenderingStrategy->render(Object(Zend\Mvc\MvcEvent))
#5 /media/wtk13/Reszta/htdocs/tartak/vendor/zendframework/zendframework/library/Zend/EventManager/EventManager.php(468): call_user_func(Array, Object(Zend\Mvc\MvcEvent))
#6 /media/wtk13/Reszta/htdocs/tartak/vendor/zendframework/zendframework/library/Zend/EventManager/EventManager.php(207): Zend\EventManager\EventManager->triggerListeners('render', Object(Zend\Mvc\MvcEvent), Array)
#7 /media/wtk13/Reszta/htdocs/tartak/vendor/zendframework/zendframework/library/Zend/Mvc/Application.php(352): Zend\EventManager\EventManager->trigger('render', Object(Zend\Mvc\MvcEvent))
#8 /media/wtk13/Reszta/htdocs/tartak/vendor/zendframework/zendframework/library/Zend/Mvc/Application.php(327): Zend\Mvc\Application->completeRequest(Object(Zend\Mvc\MvcEvent))
#9 /media/wtk13/Reszta/htdocs/tartak/public/index.php(17): Zend\Mvc\Application->run()
#10 {main}
2015-09-19T21:18:18+02:00 CRIT (2): exception 'Zend\View\Exception\RuntimeException' with message 'Zend\View\Renderer\PhpRenderer::render: Unable to render template "cms-ir/system/create-thumb"; resolver could not resolve to a file' in /media/wtk13/Reszta/htdocs/tartak/vendor/zendframework/zendframework/library/Zend/View/Renderer/PhpRenderer.php:498
Stack trace:
#0 /media/wtk13/Reszta/htdocs/tartak/vendor/zendframework/zendframework/library/Zend/View/View.php(205): Zend\View\Renderer\PhpRenderer->render(Object(Zend\View\Model\ViewModel))
#1 /media/wtk13/Reszta/htdocs/tartak/vendor/zendframework/zendframework/library/Zend/View/View.php(233): Zend\View\View->render(Object(Zend\View\Model\ViewModel))
#2 /media/wtk13/Reszta/htdocs/tartak/vendor/zendframework/zendframework/library/Zend/View/View.php(198): Zend\View\View->renderChildren(Object(Zend\View\Model\ViewModel))
#3 /media/wtk13/Reszta/htdocs/tartak/vendor/zendframework/zendframework/library/Zend/Mvc/View/Http/DefaultRenderingStrategy.php(103): Zend\View\View->render(Object(Zend\View\Model\ViewModel))
#4 [internal function]: Zend\Mvc\View\Http\DefaultRenderingStrategy->render(Object(Zend\Mvc\MvcEvent))
#5 /media/wtk13/Reszta/htdocs/tartak/vendor/zendframework/zendframework/library/Zend/EventManager/EventManager.php(468): call_user_func(Array, Object(Zend\Mvc\MvcEvent))
#6 /media/wtk13/Reszta/htdocs/tartak/vendor/zendframework/zendframework/library/Zend/EventManager/EventManager.php(207): Zend\EventManager\EventManager->triggerListeners('render', Object(Zend\Mvc\MvcEvent), Array)
#7 /media/wtk13/Reszta/htdocs/tartak/vendor/zendframework/zendframework/library/Zend/Mvc/Application.php(352): Zend\EventManager\EventManager->trigger('render', Object(Zend\Mvc\MvcEvent))
#8 /media/wtk13/Reszta/htdocs/tartak/vendor/zendframework/zendframework/library/Zend/Mvc/Application.php(327): Zend\Mvc\Application->completeRequest(Object(Zend\Mvc\MvcEvent))
#9 /media/wtk13/Reszta/htdocs/tartak/public/index.php(17): Zend\Mvc\Application->run()
#10 {main}
2015-09-19T21:19:46+02:00 CRIT (2): exception 'Zend\View\Exception\RuntimeException' with message 'Zend\View\Renderer\PhpRenderer::render: Unable to render template "cms-ir/system/create-thumb"; resolver could not resolve to a file' in /media/wtk13/Reszta/htdocs/tartak/vendor/zendframework/zendframework/library/Zend/View/Renderer/PhpRenderer.php:498
Stack trace:
#0 /media/wtk13/Reszta/htdocs/tartak/vendor/zendframework/zendframework/library/Zend/View/View.php(205): Zend\View\Renderer\PhpRenderer->render(Object(Zend\View\Model\ViewModel))
#1 /media/wtk13/Reszta/htdocs/tartak/vendor/zendframework/zendframework/library/Zend/View/View.php(233): Zend\View\View->render(Object(Zend\View\Model\ViewModel))
#2 /media/wtk13/Reszta/htdocs/tartak/vendor/zendframework/zendframework/library/Zend/View/View.php(198): Zend\View\View->renderChildren(Object(Zend\View\Model\ViewModel))
#3 /media/wtk13/Reszta/htdocs/tartak/vendor/zendframework/zendframework/library/Zend/Mvc/View/Http/DefaultRenderingStrategy.php(103): Zend\View\View->render(Object(Zend\View\Model\ViewModel))
#4 [internal function]: Zend\Mvc\View\Http\DefaultRenderingStrategy->render(Object(Zend\Mvc\MvcEvent))
#5 /media/wtk13/Reszta/htdocs/tartak/vendor/zendframework/zendframework/library/Zend/EventManager/EventManager.php(468): call_user_func(Array, Object(Zend\Mvc\MvcEvent))
#6 /media/wtk13/Reszta/htdocs/tartak/vendor/zendframework/zendframework/library/Zend/EventManager/EventManager.php(207): Zend\EventManager\EventManager->triggerListeners('render', Object(Zend\Mvc\MvcEvent), Array)
#7 /media/wtk13/Reszta/htdocs/tartak/vendor/zendframework/zendframework/library/Zend/Mvc/Application.php(352): Zend\EventManager\EventManager->trigger('render', Object(Zend\Mvc\MvcEvent))
#8 /media/wtk13/Reszta/htdocs/tartak/vendor/zendframework/zendframework/library/Zend/Mvc/Application.php(327): Zend\Mvc\Application->completeRequest(Object(Zend\Mvc\MvcEvent))
#9 /media/wtk13/Reszta/htdocs/tartak/public/index.php(17): Zend\Mvc\Application->run()
#10 {main}
2015-09-19T21:19:46+02:00 CRIT (2): exception 'Zend\View\Exception\RuntimeException' with message 'Zend\View\Renderer\PhpRenderer::render: Unable to render template "cms-ir/system/create-thumb"; resolver could not resolve to a file' in /media/wtk13/Reszta/htdocs/tartak/vendor/zendframework/zendframework/library/Zend/View/Renderer/PhpRenderer.php:498
Stack trace:
#0 /media/wtk13/Reszta/htdocs/tartak/vendor/zendframework/zendframework/library/Zend/View/View.php(205): Zend\View\Renderer\PhpRenderer->render(Object(Zend\View\Model\ViewModel))
#1 /media/wtk13/Reszta/htdocs/tartak/vendor/zendframework/zendframework/library/Zend/View/View.php(233): Zend\View\View->render(Object(Zend\View\Model\ViewModel))
#2 /media/wtk13/Reszta/htdocs/tartak/vendor/zendframework/zendframework/library/Zend/View/View.php(198): Zend\View\View->renderChildren(Object(Zend\View\Model\ViewModel))
#3 /media/wtk13/Reszta/htdocs/tartak/vendor/zendframework/zendframework/library/Zend/Mvc/View/Http/DefaultRenderingStrategy.php(103): Zend\View\View->render(Object(Zend\View\Model\ViewModel))
#4 [internal function]: Zend\Mvc\View\Http\DefaultRenderingStrategy->render(Object(Zend\Mvc\MvcEvent))
#5 /media/wtk13/Reszta/htdocs/tartak/vendor/zendframework/zendframework/library/Zend/EventManager/EventManager.php(468): call_user_func(Array, Object(Zend\Mvc\MvcEvent))
#6 /media/wtk13/Reszta/htdocs/tartak/vendor/zendframework/zendframework/library/Zend/EventManager/EventManager.php(207): Zend\EventManager\EventManager->triggerListeners('render', Object(Zend\Mvc\MvcEvent), Array)
#7 /media/wtk13/Reszta/htdocs/tartak/vendor/zendframework/zendframework/library/Zend/Mvc/Application.php(352): Zend\EventManager\EventManager->trigger('render', Object(Zend\Mvc\MvcEvent))
#8 /media/wtk13/Reszta/htdocs/tartak/vendor/zendframework/zendframework/library/Zend/Mvc/Application.php(327): Zend\Mvc\Application->completeRequest(Object(Zend\Mvc\MvcEvent))
#9 /media/wtk13/Reszta/htdocs/tartak/public/index.php(17): Zend\Mvc\Application->run()
#10 {main}
2015-09-19T21:19:46+02:00 CRIT (2): exception 'Zend\View\Exception\RuntimeException' with message 'Zend\View\Renderer\PhpRenderer::render: Unable to render template "cms-ir/system/create-thumb"; resolver could not resolve to a file' in /media/wtk13/Reszta/htdocs/tartak/vendor/zendframework/zendframework/library/Zend/View/Renderer/PhpRenderer.php:498
Stack trace:
#0 /media/wtk13/Reszta/htdocs/tartak/vendor/zendframework/zendframework/library/Zend/View/View.php(205): Zend\View\Renderer\PhpRenderer->render(Object(Zend\View\Model\ViewModel))
#1 /media/wtk13/Reszta/htdocs/tartak/vendor/zendframework/zendframework/library/Zend/View/View.php(233): Zend\View\View->render(Object(Zend\View\Model\ViewModel))
#2 /media/wtk13/Reszta/htdocs/tartak/vendor/zendframework/zendframework/library/Zend/View/View.php(198): Zend\View\View->renderChildren(Object(Zend\View\Model\ViewModel))
#3 /media/wtk13/Reszta/htdocs/tartak/vendor/zendframework/zendframework/library/Zend/Mvc/View/Http/DefaultRenderingStrategy.php(103): Zend\View\View->render(Object(Zend\View\Model\ViewModel))
#4 [internal function]: Zend\Mvc\View\Http\DefaultRenderingStrategy->render(Object(Zend\Mvc\MvcEvent))
#5 /media/wtk13/Reszta/htdocs/tartak/vendor/zendframework/zendframework/library/Zend/EventManager/EventManager.php(468): call_user_func(Array, Object(Zend\Mvc\MvcEvent))
#6 /media/wtk13/Reszta/htdocs/tartak/vendor/zendframework/zendframework/library/Zend/EventManager/EventManager.php(207): Zend\EventManager\EventManager->triggerListeners('render', Object(Zend\Mvc\MvcEvent), Array)
#7 /media/wtk13/Reszta/htdocs/tartak/vendor/zendframework/zendframework/library/Zend/Mvc/Application.php(352): Zend\EventManager\EventManager->trigger('render', Object(Zend\Mvc\MvcEvent))
#8 /media/wtk13/Reszta/htdocs/tartak/vendor/zendframework/zendframework/library/Zend/Mvc/Application.php(327): Zend\Mvc\Application->completeRequest(Object(Zend\Mvc\MvcEvent))
#9 /media/wtk13/Reszta/htdocs/tartak/public/index.php(17): Zend\Mvc\Application->run()
#10 {main}
2015-09-19T21:19:47+02:00 CRIT (2): exception 'Zend\View\Exception\RuntimeException' with message 'Zend\View\Renderer\PhpRenderer::render: Unable to render template "cms-ir/system/create-thumb"; resolver could not resolve to a file' in /media/wtk13/Reszta/htdocs/tartak/vendor/zendframework/zendframework/library/Zend/View/Renderer/PhpRenderer.php:498
Stack trace:
#0 /media/wtk13/Reszta/htdocs/tartak/vendor/zendframework/zendframework/library/Zend/View/View.php(205): Zend\View\Renderer\PhpRenderer->render(Object(Zend\View\Model\ViewModel))
#1 /media/wtk13/Reszta/htdocs/tartak/vendor/zendframework/zendframework/library/Zend/View/View.php(233): Zend\View\View->render(Object(Zend\View\Model\ViewModel))
#2 /media/wtk13/Reszta/htdocs/tartak/vendor/zendframework/zendframework/library/Zend/View/View.php(198): Zend\View\View->renderChildren(Object(Zend\View\Model\ViewModel))
#3 /media/wtk13/Reszta/htdocs/tartak/vendor/zendframework/zendframework/library/Zend/Mvc/View/Http/DefaultRenderingStrategy.php(103): Zend\View\View->render(Object(Zend\View\Model\ViewModel))
#4 [internal function]: Zend\Mvc\View\Http\DefaultRenderingStrategy->render(Object(Zend\Mvc\MvcEvent))
#5 /media/wtk13/Reszta/htdocs/tartak/vendor/zendframework/zendframework/library/Zend/EventManager/EventManager.php(468): call_user_func(Array, Object(Zend\Mvc\MvcEvent))
#6 /media/wtk13/Reszta/htdocs/tartak/vendor/zendframework/zendframework/library/Zend/EventManager/EventManager.php(207): Zend\EventManager\EventManager->triggerListeners('render', Object(Zend\Mvc\MvcEvent), Array)
#7 /media/wtk13/Reszta/htdocs/tartak/vendor/zendframework/zendframework/library/Zend/Mvc/Application.php(352): Zend\EventManager\EventManager->trigger('render', Object(Zend\Mvc\MvcEvent))
#8 /media/wtk13/Reszta/htdocs/tartak/vendor/zendframework/zendframework/library/Zend/Mvc/Application.php(327): Zend\Mvc\Application->completeRequest(Object(Zend\Mvc\MvcEvent))
#9 /media/wtk13/Reszta/htdocs/tartak/public/index.php(17): Zend\Mvc\Application->run()
#10 {main}
2015-09-19T21:22:59+02:00 CRIT (2): exception 'Zend\View\Exception\RuntimeException' with message 'Zend\View\Renderer\PhpRenderer::render: Unable to render template "cms-ir/system/create-thumb"; resolver could not resolve to a file' in /media/wtk13/Reszta/htdocs/tartak/vendor/zendframework/zendframework/library/Zend/View/Renderer/PhpRenderer.php:498
Stack trace:
#0 /media/wtk13/Reszta/htdocs/tartak/vendor/zendframework/zendframework/library/Zend/View/View.php(205): Zend\View\Renderer\PhpRenderer->render(Object(Zend\View\Model\ViewModel))
#1 /media/wtk13/Reszta/htdocs/tartak/vendor/zendframework/zendframework/library/Zend/View/View.php(233): Zend\View\View->render(Object(Zend\View\Model\ViewModel))
#2 /media/wtk13/Reszta/htdocs/tartak/vendor/zendframework/zendframework/library/Zend/View/View.php(198): Zend\View\View->renderChildren(Object(Zend\View\Model\ViewModel))
#3 /media/wtk13/Reszta/htdocs/tartak/vendor/zendframework/zendframework/library/Zend/Mvc/View/Http/DefaultRenderingStrategy.php(103): Zend\View\View->render(Object(Zend\View\Model\ViewModel))
#4 [internal function]: Zend\Mvc\View\Http\DefaultRenderingStrategy->render(Object(Zend\Mvc\MvcEvent))
#5 /media/wtk13/Reszta/htdocs/tartak/vendor/zendframework/zendframework/library/Zend/EventManager/EventManager.php(468): call_user_func(Array, Object(Zend\Mvc\MvcEvent))
#6 /media/wtk13/Reszta/htdocs/tartak/vendor/zendframework/zendframework/library/Zend/EventManager/EventManager.php(207): Zend\EventManager\EventManager->triggerListeners('render', Object(Zend\Mvc\MvcEvent), Array)
#7 /media/wtk13/Reszta/htdocs/tartak/vendor/zendframework/zendframework/library/Zend/Mvc/Application.php(352): Zend\EventManager\EventManager->trigger('render', Object(Zend\Mvc\MvcEvent))
#8 /media/wtk13/Reszta/htdocs/tartak/vendor/zendframework/zendframework/library/Zend/Mvc/Application.php(327): Zend\Mvc\Application->completeRequest(Object(Zend\Mvc\MvcEvent))
#9 /media/wtk13/Reszta/htdocs/tartak/public/index.php(17): Zend\Mvc\Application->run()
#10 {main}
2015-09-19T21:22:59+02:00 CRIT (2): exception 'Zend\View\Exception\RuntimeException' with message 'Zend\View\Renderer\PhpRenderer::render: Unable to render template "cms-ir/system/create-thumb"; resolver could not resolve to a file' in /media/wtk13/Reszta/htdocs/tartak/vendor/zendframework/zendframework/library/Zend/View/Renderer/PhpRenderer.php:498
Stack trace:
#0 /media/wtk13/Reszta/htdocs/tartak/vendor/zendframework/zendframework/library/Zend/View/View.php(205): Zend\View\Renderer\PhpRenderer->render(Object(Zend\View\Model\ViewModel))
#1 /media/wtk13/Reszta/htdocs/tartak/vendor/zendframework/zendframework/library/Zend/View/View.php(233): Zend\View\View->render(Object(Zend\View\Model\ViewModel))
#2 /media/wtk13/Reszta/htdocs/tartak/vendor/zendframework/zendframework/library/Zend/View/View.php(198): Zend\View\View->renderChildren(Object(Zend\View\Model\ViewModel))
#3 /media/wtk13/Reszta/htdocs/tartak/vendor/zendframework/zendframework/library/Zend/Mvc/View/Http/DefaultRenderingStrategy.php(103): Zend\View\View->render(Object(Zend\View\Model\ViewModel))
#4 [internal function]: Zend\Mvc\View\Http\DefaultRenderingStrategy->render(Object(Zend\Mvc\MvcEvent))
#5 /media/wtk13/Reszta/htdocs/tartak/vendor/zendframework/zendframework/library/Zend/EventManager/EventManager.php(468): call_user_func(Array, Object(Zend\Mvc\MvcEvent))
#6 /media/wtk13/Reszta/htdocs/tartak/vendor/zendframework/zendframework/library/Zend/EventManager/EventManager.php(207): Zend\EventManager\EventManager->triggerListeners('render', Object(Zend\Mvc\MvcEvent), Array)
#7 /media/wtk13/Reszta/htdocs/tartak/vendor/zendframework/zendframework/library/Zend/Mvc/Application.php(352): Zend\EventManager\EventManager->trigger('render', Object(Zend\Mvc\MvcEvent))
#8 /media/wtk13/Reszta/htdocs/tartak/vendor/zendframework/zendframework/library/Zend/Mvc/Application.php(327): Zend\Mvc\Application->completeRequest(Object(Zend\Mvc\MvcEvent))
#9 /media/wtk13/Reszta/htdocs/tartak/public/index.php(17): Zend\Mvc\Application->run()
#10 {main}
2015-09-19T21:23:00+02:00 CRIT (2): exception 'Zend\View\Exception\RuntimeException' with message 'Zend\View\Renderer\PhpRenderer::render: Unable to render template "cms-ir/system/create-thumb"; resolver could not resolve to a file' in /media/wtk13/Reszta/htdocs/tartak/vendor/zendframework/zendframework/library/Zend/View/Renderer/PhpRenderer.php:498
Stack trace:
#0 /media/wtk13/Reszta/htdocs/tartak/vendor/zendframework/zendframework/library/Zend/View/View.php(205): Zend\View\Renderer\PhpRenderer->render(Object(Zend\View\Model\ViewModel))
#1 /media/wtk13/Reszta/htdocs/tartak/vendor/zendframework/zendframework/library/Zend/View/View.php(233): Zend\View\View->render(Object(Zend\View\Model\ViewModel))
#2 /media/wtk13/Reszta/htdocs/tartak/vendor/zendframework/zendframework/library/Zend/View/View.php(198): Zend\View\View->renderChildren(Object(Zend\View\Model\ViewModel))
#3 /media/wtk13/Reszta/htdocs/tartak/vendor/zendframework/zendframework/library/Zend/Mvc/View/Http/DefaultRenderingStrategy.php(103): Zend\View\View->render(Object(Zend\View\Model\ViewModel))
#4 [internal function]: Zend\Mvc\View\Http\DefaultRenderingStrategy->render(Object(Zend\Mvc\MvcEvent))
#5 /media/wtk13/Reszta/htdocs/tartak/vendor/zendframework/zendframework/library/Zend/EventManager/EventManager.php(468): call_user_func(Array, Object(Zend\Mvc\MvcEvent))
#6 /media/wtk13/Reszta/htdocs/tartak/vendor/zendframework/zendframework/library/Zend/EventManager/EventManager.php(207): Zend\EventManager\EventManager->triggerListeners('render', Object(Zend\Mvc\MvcEvent), Array)
#7 /media/wtk13/Reszta/htdocs/tartak/vendor/zendframework/zendframework/library/Zend/Mvc/Application.php(352): Zend\EventManager\EventManager->trigger('render', Object(Zend\Mvc\MvcEvent))
#8 /media/wtk13/Reszta/htdocs/tartak/vendor/zendframework/zendframework/library/Zend/Mvc/Application.php(327): Zend\Mvc\Application->completeRequest(Object(Zend\Mvc\MvcEvent))
#9 /media/wtk13/Reszta/htdocs/tartak/public/index.php(17): Zend\Mvc\Application->run()
#10 {main}
2015-09-19T21:23:00+02:00 CRIT (2): exception 'Zend\View\Exception\RuntimeException' with message 'Zend\View\Renderer\PhpRenderer::render: Unable to render template "cms-ir/system/create-thumb"; resolver could not resolve to a file' in /media/wtk13/Reszta/htdocs/tartak/vendor/zendframework/zendframework/library/Zend/View/Renderer/PhpRenderer.php:498
Stack trace:
#0 /media/wtk13/Reszta/htdocs/tartak/vendor/zendframework/zendframework/library/Zend/View/View.php(205): Zend\View\Renderer\PhpRenderer->render(Object(Zend\View\Model\ViewModel))
#1 /media/wtk13/Reszta/htdocs/tartak/vendor/zendframework/zendframework/library/Zend/View/View.php(233): Zend\View\View->render(Object(Zend\View\Model\ViewModel))
#2 /media/wtk13/Reszta/htdocs/tartak/vendor/zendframework/zendframework/library/Zend/View/View.php(198): Zend\View\View->renderChildren(Object(Zend\View\Model\ViewModel))
#3 /media/wtk13/Reszta/htdocs/tartak/vendor/zendframework/zendframework/library/Zend/Mvc/View/Http/DefaultRenderingStrategy.php(103): Zend\View\View->render(Object(Zend\View\Model\ViewModel))
#4 [internal function]: Zend\Mvc\View\Http\DefaultRenderingStrategy->render(Object(Zend\Mvc\MvcEvent))
#5 /media/wtk13/Reszta/htdocs/tartak/vendor/zendframework/zendframework/library/Zend/EventManager/EventManager.php(468): call_user_func(Array, Object(Zend\Mvc\MvcEvent))
#6 /media/wtk13/Reszta/htdocs/tartak/vendor/zendframework/zendframework/library/Zend/EventManager/EventManager.php(207): Zend\EventManager\EventManager->triggerListeners('render', Object(Zend\Mvc\MvcEvent), Array)
#7 /media/wtk13/Reszta/htdocs/tartak/vendor/zendframework/zendframework/library/Zend/Mvc/Application.php(352): Zend\EventManager\EventManager->trigger('render', Object(Zend\Mvc\MvcEvent))
#8 /media/wtk13/Reszta/htdocs/tartak/vendor/zendframework/zendframework/library/Zend/Mvc/Application.php(327): Zend\Mvc\Application->completeRequest(Object(Zend\Mvc\MvcEvent))
#9 /media/wtk13/Reszta/htdocs/tartak/public/index.php(17): Zend\Mvc\Application->run()
#10 {main}
2015-09-19T22:38:00+02:00 CRIT (2): exception 'PDOException' with message 'SQLSTATE[42S22]: Column not found: 1054 Unknown column 'status' in 'order clause'' in /media/wtk13/Reszta/htdocs/tartak/vendor/zendframework/zendframework/library/Zend/Db/Adapter/Driver/Pdo/Statement.php:239
Stack trace:
#0 /media/wtk13/Reszta/htdocs/tartak/vendor/zendframework/zendframework/library/Zend/Db/Adapter/Driver/Pdo/Statement.php(239): PDOStatement->execute()
#1 /media/wtk13/Reszta/htdocs/tartak/vendor/zendframework/zendframework/library/Zend/Db/TableGateway/AbstractTableGateway.php(233): Zend\Db\Adapter\Driver\Pdo\Statement->execute()
#2 /media/wtk13/Reszta/htdocs/tartak/vendor/zendframework/zendframework/library/Zend/Db/TableGateway/AbstractTableGateway.php(208): Zend\Db\TableGateway\AbstractTableGateway->executeSelect(Object(Zend\Db\Sql\Select))
#3 /media/wtk13/Reszta/htdocs/tartak/vendor/zendframework/zendframework/library/Zend/Db/TableGateway/AbstractTableGateway.php(195): Zend\Db\TableGateway\AbstractTableGateway->selectWith(Object(Zend\Db\Sql\Select))
#4 /media/wtk13/Reszta/htdocs/tartak/vendor/cms-ir/cms-ir/src/CmsIr/System/src/System/Model/ModelTable.php(235): Zend\Db\TableGateway\AbstractTableGateway->select(Object(Closure))
#5 /media/wtk13/Reszta/htdocs/tartak/module/Product/src/Product/Controller/ProductController.php(27): CmsIr\System\Model\ModelTable->getDatatables(Array, Object(Zend\Stdlib\Parameters))
#6 /media/wtk13/Reszta/htdocs/tartak/vendor/zendframework/zendframework/library/Zend/Mvc/Controller/AbstractActionController.php(83): Product\Controller\ProductController->listAction()
#7 [internal function]: Zend\Mvc\Controller\AbstractActionController->onDispatch(Object(Zend\Mvc\MvcEvent))
#8 /media/wtk13/Reszta/htdocs/tartak/vendor/zendframework/zendframework/library/Zend/EventManager/EventManager.php(468): call_user_func(Array, Object(Zend\Mvc\MvcEvent))
#9 /media/wtk13/Reszta/htdocs/tartak/vendor/zendframework/zendframework/library/Zend/EventManager/EventManager.php(207): Zend\EventManager\EventManager->triggerListeners('dispatch', Object(Zend\Mvc\MvcEvent), Object(Closure))
#10 /media/wtk13/Reszta/htdocs/tartak/vendor/zendframework/zendframework/library/Zend/Mvc/Controller/AbstractController.php(116): Zend\EventManager\EventManager->trigger('dispatch', Object(Zend\Mvc\MvcEvent), Object(Closure))
#11 /media/wtk13/Reszta/htdocs/tartak/vendor/zendframework/zendframework/library/Zend/Mvc/DispatchListener.php(113): Zend\Mvc\Controller\AbstractController->dispatch(Object(Zend\Http\PhpEnvironment\Request), Object(Zend\Http\PhpEnvironment\Response))
#12 [internal function]: Zend\Mvc\DispatchListener->onDispatch(Object(Zend\Mvc\MvcEvent))
#13 /media/wtk13/Reszta/htdocs/tartak/vendor/zendframework/zendframework/library/Zend/EventManager/EventManager.php(468): call_user_func(Array, Object(Zend\Mvc\MvcEvent))
#14 /media/wtk13/Reszta/htdocs/tartak/vendor/zendframework/zendframework/library/Zend/EventManager/EventManager.php(207): Zend\EventManager\EventManager->triggerListeners('dispatch', Object(Zend\Mvc\MvcEvent), Object(Closure))
#15 /media/wtk13/Reszta/htdocs/tartak/vendor/zendframework/zendframework/library/Zend/Mvc/Application.php(313): Zend\EventManager\EventManager->trigger('dispatch', Object(Zend\Mvc\MvcEvent), Object(Closure))
#16 /media/wtk13/Reszta/htdocs/tartak/public/index.php(17): Zend\Mvc\Application->run()
#17 {main}

Next exception 'Zend\Db\Adapter\Exception\InvalidQueryException' with message 'Statement could not be executed (42S22 - 1054 - Unknown column 'status' in 'order clause')' in /media/wtk13/Reszta/htdocs/tartak/vendor/zendframework/zendframework/library/Zend/Db/Adapter/Driver/Pdo/Statement.php:244
Stack trace:
#0 /media/wtk13/Reszta/htdocs/tartak/vendor/zendframework/zendframework/library/Zend/Db/TableGateway/AbstractTableGateway.php(233): Zend\Db\Adapter\Driver\Pdo\Statement->execute()
#1 /media/wtk13/Reszta/htdocs/tartak/vendor/zendframework/zendframework/library/Zend/Db/TableGateway/AbstractTableGateway.php(208): Zend\Db\TableGateway\AbstractTableGateway->executeSelect(Object(Zend\Db\Sql\Select))
#2 /media/wtk13/Reszta/htdocs/tartak/vendor/zendframework/zendframework/library/Zend/Db/TableGateway/AbstractTableGateway.php(195): Zend\Db\TableGateway\AbstractTableGateway->selectWith(Object(Zend\Db\Sql\Select))
#3 /media/wtk13/Reszta/htdocs/tartak/vendor/cms-ir/cms-ir/src/CmsIr/System/src/System/Model/ModelTable.php(235): Zend\Db\TableGateway\AbstractTableGateway->select(Object(Closure))
#4 /media/wtk13/Reszta/htdocs/tartak/module/Product/src/Product/Controller/ProductController.php(27): CmsIr\System\Model\ModelTable->getDatatables(Array, Object(Zend\Stdlib\Parameters))
#5 /media/wtk13/Reszta/htdocs/tartak/vendor/zendframework/zendframework/library/Zend/Mvc/Controller/AbstractActionController.php(83): Product\Controller\ProductController->listAction()
#6 [internal function]: Zend\Mvc\Controller\AbstractActionController->onDispatch(Object(Zend\Mvc\MvcEvent))
#7 /media/wtk13/Reszta/htdocs/tartak/vendor/zendframework/zendframework/library/Zend/EventManager/EventManager.php(468): call_user_func(Array, Object(Zend\Mvc\MvcEvent))
#8 /media/wtk13/Reszta/htdocs/tartak/vendor/zendframework/zendframework/library/Zend/EventManager/EventManager.php(207): Zend\EventManager\EventManager->triggerListeners('dispatch', Object(Zend\Mvc\MvcEvent), Object(Closure))
#9 /media/wtk13/Reszta/htdocs/tartak/vendor/zendframework/zendframework/library/Zend/Mvc/Controller/AbstractController.php(116): Zend\EventManager\EventManager->trigger('dispatch', Object(Zend\Mvc\MvcEvent), Object(Closure))
#10 /media/wtk13/Reszta/htdocs/tartak/vendor/zendframework/zendframework/library/Zend/Mvc/DispatchListener.php(113): Zend\Mvc\Controller\AbstractController->dispatch(Object(Zend\Http\PhpEnvironment\Request), Object(Zend\Http\PhpEnvironment\Response))
#11 [internal function]: Zend\Mvc\DispatchListener->onDispatch(Object(Zend\Mvc\MvcEvent))
#12 /media/wtk13/Reszta/htdocs/tartak/vendor/zendframework/zendframework/library/Zend/EventManager/EventManager.php(468): call_user_func(Array, Object(Zend\Mvc\MvcEvent))
#13 /media/wtk13/Reszta/htdocs/tartak/vendor/zendframework/zendframework/library/Zend/EventManager/EventManager.php(207): Zend\EventManager\EventManager->triggerListeners('dispatch', Object(Zend\Mvc\MvcEvent), Object(Closure))
#14 /media/wtk13/Reszta/htdocs/tartak/vendor/zendframework/zendframework/library/Zend/Mvc/Application.php(313): Zend\EventManager\EventManager->trigger('dispatch', Object(Zend\Mvc\MvcEvent), Object(Closure))
#15 /media/wtk13/Reszta/htdocs/tartak/public/index.php(17): Zend\Mvc\Application->run()
#16 {main}
