2015-09-04T12:46:28+02:00 CRIT (2): exception 'Zend\I18n\Exception\InvalidArgumentException' with message 'Could not find or open file ./module/Page/language/aa.php for reading' in /media/wtk13/Reszta/htdocs/tartak/vendor/zendframework/zendframework/library/Zend/I18n/Translator/Loader/PhpArray.php:35
Stack trace:
#0 /media/wtk13/Reszta/htdocs/tartak/vendor/zendframework/zendframework/library/Zend/I18n/Translator/Translator.php(698): Zend\I18n\Translator\Loader\PhpArray->load('en_US', './module/Page/l...')
#1 /media/wtk13/Reszta/htdocs/tartak/vendor/zendframework/zendframework/library/Zend/I18n/Translator/Translator.php(570): Zend\I18n\Translator\Translator->loadMessagesFromFiles('default', 'en_US')
#2 /media/wtk13/Reszta/htdocs/tartak/vendor/zendframework/zendframework/library/Zend/I18n/Translator/Translator.php(438): Zend\I18n\Translator\Translator->loadMessages('default', 'en_US')
#3 /media/wtk13/Reszta/htdocs/tartak/vendor/zendframework/zendframework/library/Zend/I18n/Translator/Translator.php(354): Zend\I18n\Translator\Translator->getTranslatedMessage('pies', 'en_US', 'default')
#4 /media/wtk13/Reszta/htdocs/tartak/vendor/zendframework/zendframework/library/Zend/Mvc/I18n/Translator.php(73): Zend\I18n\Translator\Translator->translate('pies', 'default', NULL)
#5 /media/wtk13/Reszta/htdocs/tartak/vendor/zendframework/zendframework/library/Zend/I18n/View/Helper/Translate.php(38): Zend\Mvc\I18n\Translator->translate('pies', 'default', NULL)
#6 [internal function]: Zend\I18n\View\Helper\Translate->__invoke('pies')
#7 /media/wtk13/Reszta/htdocs/tartak/vendor/zendframework/zendframework/library/Zend/View/Renderer/PhpRenderer.php(399): call_user_func_array(Object(Zend\I18n\View\Helper\Translate), Array)
#8 /media/wtk13/Reszta/htdocs/tartak/module/Page/view/page/page/home.phtml(1): Zend\View\Renderer\PhpRenderer->__call('translate', Array)
#9 /media/wtk13/Reszta/htdocs/tartak/module/Page/view/page/page/home.phtml(1): Zend\View\Renderer\PhpRenderer->translate('pies')
#10 /media/wtk13/Reszta/htdocs/tartak/vendor/zendframework/zendframework/library/Zend/View/Renderer/PhpRenderer.php(506): include('/media/wtk13/Re...')
#11 /media/wtk13/Reszta/htdocs/tartak/vendor/zendframework/zendframework/library/Zend/View/View.php(205): Zend\View\Renderer\PhpRenderer->render(Object(Zend\View\Model\ViewModel))
#12 /media/wtk13/Reszta/htdocs/tartak/vendor/zendframework/zendframework/library/Zend/View/View.php(233): Zend\View\View->render(Object(Zend\View\Model\ViewModel))
#13 /media/wtk13/Reszta/htdocs/tartak/vendor/zendframework/zendframework/library/Zend/View/View.php(198): Zend\View\View->renderChildren(Object(Zend\View\Model\ViewModel))
#14 /media/wtk13/Reszta/htdocs/tartak/vendor/zendframework/zendframework/library/Zend/Mvc/View/Http/DefaultRenderingStrategy.php(103): Zend\View\View->render(Object(Zend\View\Model\ViewModel))
#15 [internal function]: Zend\Mvc\View\Http\DefaultRenderingStrategy->render(Object(Zend\Mvc\MvcEvent))
#16 /media/wtk13/Reszta/htdocs/tartak/vendor/zendframework/zendframework/library/Zend/EventManager/EventManager.php(468): call_user_func(Array, Object(Zend\Mvc\MvcEvent))
#17 /media/wtk13/Reszta/htdocs/tartak/vendor/zendframework/zendframework/library/Zend/EventManager/EventManager.php(207): Zend\EventManager\EventManager->triggerListeners('render', Object(Zend\Mvc\MvcEvent), Array)
#18 /media/wtk13/Reszta/htdocs/tartak/vendor/zendframework/zendframework/library/Zend/Mvc/Application.php(352): Zend\EventManager\EventManager->trigger('render', Object(Zend\Mvc\MvcEvent))
#19 /media/wtk13/Reszta/htdocs/tartak/vendor/zendframework/zendframework/library/Zend/Mvc/Application.php(327): Zend\Mvc\Application->completeRequest(Object(Zend\Mvc\MvcEvent))
#20 /media/wtk13/Reszta/htdocs/tartak/public/index.php(17): Zend\Mvc\Application->run()
#21 {main}
2015-09-04T13:02:51+02:00 CRIT (2): exception 'Zend\I18n\Exception\InvalidArgumentException' with message 'Could not find or open file ./module/Page/language/aa.php for reading' in /media/wtk13/Reszta/htdocs/tartak/vendor/zendframework/zendframework/library/Zend/I18n/Translator/Loader/PhpArray.php:35
Stack trace:
#0 /media/wtk13/Reszta/htdocs/tartak/vendor/zendframework/zendframework/library/Zend/I18n/Translator/Translator.php(698): Zend\I18n\Translator\Loader\PhpArray->load('en_US', './module/Page/l...')
#1 /media/wtk13/Reszta/htdocs/tartak/vendor/zendframework/zendframework/library/Zend/I18n/Translator/Translator.php(570): Zend\I18n\Translator\Translator->loadMessagesFromFiles('default', 'en_US')
#2 /media/wtk13/Reszta/htdocs/tartak/vendor/zendframework/zendframework/library/Zend/I18n/Translator/Translator.php(438): Zend\I18n\Translator\Translator->loadMessages('default', 'en_US')
#3 /media/wtk13/Reszta/htdocs/tartak/vendor/zendframework/zendframework/library/Zend/I18n/Translator/Translator.php(354): Zend\I18n\Translator\Translator->getTranslatedMessage('pies', 'en_US', 'default')
#4 /media/wtk13/Reszta/htdocs/tartak/vendor/zendframework/zendframework/library/Zend/Mvc/I18n/Translator.php(73): Zend\I18n\Translator\Translator->translate('pies', 'default', NULL)
#5 /media/wtk13/Reszta/htdocs/tartak/vendor/zendframework/zendframework/library/Zend/I18n/View/Helper/Translate.php(38): Zend\Mvc\I18n\Translator->translate('pies', 'default', NULL)
#6 [internal function]: Zend\I18n\View\Helper\Translate->__invoke('pies')
#7 /media/wtk13/Reszta/htdocs/tartak/vendor/zendframework/zendframework/library/Zend/View/Renderer/PhpRenderer.php(399): call_user_func_array(Object(Zend\I18n\View\Helper\Translate), Array)
#8 /media/wtk13/Reszta/htdocs/tartak/module/Page/view/page/page/home.phtml(1): Zend\View\Renderer\PhpRenderer->__call('translate', Array)
#9 /media/wtk13/Reszta/htdocs/tartak/module/Page/view/page/page/home.phtml(1): Zend\View\Renderer\PhpRenderer->translate('pies')
#10 /media/wtk13/Reszta/htdocs/tartak/vendor/zendframework/zendframework/library/Zend/View/Renderer/PhpRenderer.php(506): include('/media/wtk13/Re...')
#11 /media/wtk13/Reszta/htdocs/tartak/vendor/zendframework/zendframework/library/Zend/View/View.php(205): Zend\View\Renderer\PhpRenderer->render(Object(Zend\View\Model\ViewModel))
#12 /media/wtk13/Reszta/htdocs/tartak/vendor/zendframework/zendframework/library/Zend/View/View.php(233): Zend\View\View->render(Object(Zend\View\Model\ViewModel))
#13 /media/wtk13/Reszta/htdocs/tartak/vendor/zendframework/zendframework/library/Zend/View/View.php(198): Zend\View\View->renderChildren(Object(Zend\View\Model\ViewModel))
#14 /media/wtk13/Reszta/htdocs/tartak/vendor/zendframework/zendframework/library/Zend/Mvc/View/Http/DefaultRenderingStrategy.php(103): Zend\View\View->render(Object(Zend\View\Model\ViewModel))
#15 [internal function]: Zend\Mvc\View\Http\DefaultRenderingStrategy->render(Object(Zend\Mvc\MvcEvent))
#16 /media/wtk13/Reszta/htdocs/tartak/vendor/zendframework/zendframework/library/Zend/EventManager/EventManager.php(468): call_user_func(Array, Object(Zend\Mvc\MvcEvent))
#17 /media/wtk13/Reszta/htdocs/tartak/vendor/zendframework/zendframework/library/Zend/EventManager/EventManager.php(207): Zend\EventManager\EventManager->triggerListeners('render', Object(Zend\Mvc\MvcEvent), Array)
#18 /media/wtk13/Reszta/htdocs/tartak/vendor/zendframework/zendframework/library/Zend/Mvc/Application.php(352): Zend\EventManager\EventManager->trigger('render', Object(Zend\Mvc\MvcEvent))
#19 /media/wtk13/Reszta/htdocs/tartak/vendor/zendframework/zendframework/library/Zend/Mvc/Application.php(327): Zend\Mvc\Application->completeRequest(Object(Zend\Mvc\MvcEvent))
#20 /media/wtk13/Reszta/htdocs/tartak/public/index.php(17): Zend\Mvc\Application->run()
#21 {main}
2015-09-04T13:02:52+02:00 CRIT (2): exception 'Zend\I18n\Exception\InvalidArgumentException' with message 'Could not find or open file ./module/Page/language/aa.php for reading' in /media/wtk13/Reszta/htdocs/tartak/vendor/zendframework/zendframework/library/Zend/I18n/Translator/Loader/PhpArray.php:35
Stack trace:
#0 /media/wtk13/Reszta/htdocs/tartak/vendor/zendframework/zendframework/library/Zend/I18n/Translator/Translator.php(698): Zend\I18n\Translator\Loader\PhpArray->load('en_US', './module/Page/l...')
#1 /media/wtk13/Reszta/htdocs/tartak/vendor/zendframework/zendframework/library/Zend/I18n/Translator/Translator.php(570): Zend\I18n\Translator\Translator->loadMessagesFromFiles('default', 'en_US')
#2 /media/wtk13/Reszta/htdocs/tartak/vendor/zendframework/zendframework/library/Zend/I18n/Translator/Translator.php(438): Zend\I18n\Translator\Translator->loadMessages('default', 'en_US')
#3 /media/wtk13/Reszta/htdocs/tartak/vendor/zendframework/zendframework/library/Zend/I18n/Translator/Translator.php(354): Zend\I18n\Translator\Translator->getTranslatedMessage('pies', 'en_US', 'default')
#4 /media/wtk13/Reszta/htdocs/tartak/vendor/zendframework/zendframework/library/Zend/Mvc/I18n/Translator.php(73): Zend\I18n\Translator\Translator->translate('pies', 'default', NULL)
#5 /media/wtk13/Reszta/htdocs/tartak/vendor/zendframework/zendframework/library/Zend/I18n/View/Helper/Translate.php(38): Zend\Mvc\I18n\Translator->translate('pies', 'default', NULL)
#6 [internal function]: Zend\I18n\View\Helper\Translate->__invoke('pies')
#7 /media/wtk13/Reszta/htdocs/tartak/vendor/zendframework/zendframework/library/Zend/View/Renderer/PhpRenderer.php(399): call_user_func_array(Object(Zend\I18n\View\Helper\Translate), Array)
#8 /media/wtk13/Reszta/htdocs/tartak/module/Page/view/page/page/home.phtml(1): Zend\View\Renderer\PhpRenderer->__call('translate', Array)
#9 /media/wtk13/Reszta/htdocs/tartak/module/Page/view/page/page/home.phtml(1): Zend\View\Renderer\PhpRenderer->translate('pies')
#10 /media/wtk13/Reszta/htdocs/tartak/vendor/zendframework/zendframework/library/Zend/View/Renderer/PhpRenderer.php(506): include('/media/wtk13/Re...')
#11 /media/wtk13/Reszta/htdocs/tartak/vendor/zendframework/zendframework/library/Zend/View/View.php(205): Zend\View\Renderer\PhpRenderer->render(Object(Zend\View\Model\ViewModel))
#12 /media/wtk13/Reszta/htdocs/tartak/vendor/zendframework/zendframework/library/Zend/View/View.php(233): Zend\View\View->render(Object(Zend\View\Model\ViewModel))
#13 /media/wtk13/Reszta/htdocs/tartak/vendor/zendframework/zendframework/library/Zend/View/View.php(198): Zend\View\View->renderChildren(Object(Zend\View\Model\ViewModel))
#14 /media/wtk13/Reszta/htdocs/tartak/vendor/zendframework/zendframework/library/Zend/Mvc/View/Http/DefaultRenderingStrategy.php(103): Zend\View\View->render(Object(Zend\View\Model\ViewModel))
#15 [internal function]: Zend\Mvc\View\Http\DefaultRenderingStrategy->render(Object(Zend\Mvc\MvcEvent))
#16 /media/wtk13/Reszta/htdocs/tartak/vendor/zendframework/zendframework/library/Zend/EventManager/EventManager.php(468): call_user_func(Array, Object(Zend\Mvc\MvcEvent))
#17 /media/wtk13/Reszta/htdocs/tartak/vendor/zendframework/zendframework/library/Zend/EventManager/EventManager.php(207): Zend\EventManager\EventManager->triggerListeners('render', Object(Zend\Mvc\MvcEvent), Array)
#18 /media/wtk13/Reszta/htdocs/tartak/vendor/zendframework/zendframework/library/Zend/Mvc/Application.php(352): Zend\EventManager\EventManager->trigger('render', Object(Zend\Mvc\MvcEvent))
#19 /media/wtk13/Reszta/htdocs/tartak/vendor/zendframework/zendframework/library/Zend/Mvc/Application.php(327): Zend\Mvc\Application->completeRequest(Object(Zend\Mvc\MvcEvent))
#20 /media/wtk13/Reszta/htdocs/tartak/public/index.php(17): Zend\Mvc\Application->run()
#21 {main}
2015-09-04T13:02:53+02:00 CRIT (2): exception 'Zend\I18n\Exception\InvalidArgumentException' with message 'Could not find or open file ./module/Page/language/aa.php for reading' in /media/wtk13/Reszta/htdocs/tartak/vendor/zendframework/zendframework/library/Zend/I18n/Translator/Loader/PhpArray.php:35
Stack trace:
#0 /media/wtk13/Reszta/htdocs/tartak/vendor/zendframework/zendframework/library/Zend/I18n/Translator/Translator.php(698): Zend\I18n\Translator\Loader\PhpArray->load('en_US', './module/Page/l...')
#1 /media/wtk13/Reszta/htdocs/tartak/vendor/zendframework/zendframework/library/Zend/I18n/Translator/Translator.php(570): Zend\I18n\Translator\Translator->loadMessagesFromFiles('default', 'en_US')
#2 /media/wtk13/Reszta/htdocs/tartak/vendor/zendframework/zendframework/library/Zend/I18n/Translator/Translator.php(438): Zend\I18n\Translator\Translator->loadMessages('default', 'en_US')
#3 /media/wtk13/Reszta/htdocs/tartak/vendor/zendframework/zendframework/library/Zend/I18n/Translator/Translator.php(354): Zend\I18n\Translator\Translator->getTranslatedMessage('pies', 'en_US', 'default')
#4 /media/wtk13/Reszta/htdocs/tartak/vendor/zendframework/zendframework/library/Zend/Mvc/I18n/Translator.php(73): Zend\I18n\Translator\Translator->translate('pies', 'default', NULL)
#5 /media/wtk13/Reszta/htdocs/tartak/vendor/zendframework/zendframework/library/Zend/I18n/View/Helper/Translate.php(38): Zend\Mvc\I18n\Translator->translate('pies', 'default', NULL)
#6 [internal function]: Zend\I18n\View\Helper\Translate->__invoke('pies')
#7 /media/wtk13/Reszta/htdocs/tartak/vendor/zendframework/zendframework/library/Zend/View/Renderer/PhpRenderer.php(399): call_user_func_array(Object(Zend\I18n\View\Helper\Translate), Array)
#8 /media/wtk13/Reszta/htdocs/tartak/module/Page/view/page/page/home.phtml(1): Zend\View\Renderer\PhpRenderer->__call('translate', Array)
#9 /media/wtk13/Reszta/htdocs/tartak/module/Page/view/page/page/home.phtml(1): Zend\View\Renderer\PhpRenderer->translate('pies')
#10 /media/wtk13/Reszta/htdocs/tartak/vendor/zendframework/zendframework/library/Zend/View/Renderer/PhpRenderer.php(506): include('/media/wtk13/Re...')
#11 /media/wtk13/Reszta/htdocs/tartak/vendor/zendframework/zendframework/library/Zend/View/View.php(205): Zend\View\Renderer\PhpRenderer->render(Object(Zend\View\Model\ViewModel))
#12 /media/wtk13/Reszta/htdocs/tartak/vendor/zendframework/zendframework/library/Zend/View/View.php(233): Zend\View\View->render(Object(Zend\View\Model\ViewModel))
#13 /media/wtk13/Reszta/htdocs/tartak/vendor/zendframework/zendframework/library/Zend/View/View.php(198): Zend\View\View->renderChildren(Object(Zend\View\Model\ViewModel))
#14 /media/wtk13/Reszta/htdocs/tartak/vendor/zendframework/zendframework/library/Zend/Mvc/View/Http/DefaultRenderingStrategy.php(103): Zend\View\View->render(Object(Zend\View\Model\ViewModel))
#15 [internal function]: Zend\Mvc\View\Http\DefaultRenderingStrategy->render(Object(Zend\Mvc\MvcEvent))
#16 /media/wtk13/Reszta/htdocs/tartak/vendor/zendframework/zendframework/library/Zend/EventManager/EventManager.php(468): call_user_func(Array, Object(Zend\Mvc\MvcEvent))
#17 /media/wtk13/Reszta/htdocs/tartak/vendor/zendframework/zendframework/library/Zend/EventManager/EventManager.php(207): Zend\EventManager\EventManager->triggerListeners('render', Object(Zend\Mvc\MvcEvent), Array)
#18 /media/wtk13/Reszta/htdocs/tartak/vendor/zendframework/zendframework/library/Zend/Mvc/Application.php(352): Zend\EventManager\EventManager->trigger('render', Object(Zend\Mvc\MvcEvent))
#19 /media/wtk13/Reszta/htdocs/tartak/vendor/zendframework/zendframework/library/Zend/Mvc/Application.php(327): Zend\Mvc\Application->completeRequest(Object(Zend\Mvc\MvcEvent))
#20 /media/wtk13/Reszta/htdocs/tartak/public/index.php(17): Zend\Mvc\Application->run()
#21 {main}
2015-09-04T13:08:19+02:00 CRIT (2): exception 'Zend\I18n\Exception\InvalidArgumentException' with message 'Could not find or open file ./module/Page/language/aa.php for reading' in /media/wtk13/Reszta/htdocs/tartak/vendor/zendframework/zendframework/library/Zend/I18n/Translator/Loader/PhpArray.php:35
Stack trace:
#0 /media/wtk13/Reszta/htdocs/tartak/vendor/zendframework/zendframework/library/Zend/I18n/Translator/Translator.php(698): Zend\I18n\Translator\Loader\PhpArray->load('en_US', './module/Page/l...')
#1 /media/wtk13/Reszta/htdocs/tartak/vendor/zendframework/zendframework/library/Zend/I18n/Translator/Translator.php(570): Zend\I18n\Translator\Translator->loadMessagesFromFiles('default', 'en_US')
#2 /media/wtk13/Reszta/htdocs/tartak/vendor/zendframework/zendframework/library/Zend/I18n/Translator/Translator.php(438): Zend\I18n\Translator\Translator->loadMessages('default', 'en_US')
#3 /media/wtk13/Reszta/htdocs/tartak/vendor/zendframework/zendframework/library/Zend/I18n/Translator/Translator.php(354): Zend\I18n\Translator\Translator->getTranslatedMessage('pies', 'en_US', 'default')
#4 /media/wtk13/Reszta/htdocs/tartak/vendor/zendframework/zendframework/library/Zend/Mvc/I18n/Translator.php(73): Zend\I18n\Translator\Translator->translate('pies', 'default', NULL)
#5 /media/wtk13/Reszta/htdocs/tartak/vendor/zendframework/zendframework/library/Zend/I18n/View/Helper/Translate.php(38): Zend\Mvc\I18n\Translator->translate('pies', 'default', NULL)
#6 [internal function]: Zend\I18n\View\Helper\Translate->__invoke('pies')
#7 /media/wtk13/Reszta/htdocs/tartak/vendor/zendframework/zendframework/library/Zend/View/Renderer/PhpRenderer.php(399): call_user_func_array(Object(Zend\I18n\View\Helper\Translate), Array)
#8 /media/wtk13/Reszta/htdocs/tartak/module/Page/view/page/page/home.phtml(1): Zend\View\Renderer\PhpRenderer->__call('translate', Array)
#9 /media/wtk13/Reszta/htdocs/tartak/module/Page/view/page/page/home.phtml(1): Zend\View\Renderer\PhpRenderer->translate('pies')
#10 /media/wtk13/Reszta/htdocs/tartak/vendor/zendframework/zendframework/library/Zend/View/Renderer/PhpRenderer.php(506): include('/media/wtk13/Re...')
#11 /media/wtk13/Reszta/htdocs/tartak/vendor/zendframework/zendframework/library/Zend/View/View.php(205): Zend\View\Renderer\PhpRenderer->render(Object(Zend\View\Model\ViewModel))
#12 /media/wtk13/Reszta/htdocs/tartak/vendor/zendframework/zendframework/library/Zend/View/View.php(233): Zend\View\View->render(Object(Zend\View\Model\ViewModel))
#13 /media/wtk13/Reszta/htdocs/tartak/vendor/zendframework/zendframework/library/Zend/View/View.php(198): Zend\View\View->renderChildren(Object(Zend\View\Model\ViewModel))
#14 /media/wtk13/Reszta/htdocs/tartak/vendor/zendframework/zendframework/library/Zend/Mvc/View/Http/DefaultRenderingStrategy.php(103): Zend\View\View->render(Object(Zend\View\Model\ViewModel))
#15 [internal function]: Zend\Mvc\View\Http\DefaultRenderingStrategy->render(Object(Zend\Mvc\MvcEvent))
#16 /media/wtk13/Reszta/htdocs/tartak/vendor/zendframework/zendframework/library/Zend/EventManager/EventManager.php(468): call_user_func(Array, Object(Zend\Mvc\MvcEvent))
#17 /media/wtk13/Reszta/htdocs/tartak/vendor/zendframework/zendframework/library/Zend/EventManager/EventManager.php(207): Zend\EventManager\EventManager->triggerListeners('render', Object(Zend\Mvc\MvcEvent), Array)
#18 /media/wtk13/Reszta/htdocs/tartak/vendor/zendframework/zendframework/library/Zend/Mvc/Application.php(352): Zend\EventManager\EventManager->trigger('render', Object(Zend\Mvc\MvcEvent))
#19 /media/wtk13/Reszta/htdocs/tartak/vendor/zendframework/zendframework/library/Zend/Mvc/Application.php(327): Zend\Mvc\Application->completeRequest(Object(Zend\Mvc\MvcEvent))
#20 /media/wtk13/Reszta/htdocs/tartak/public/index.php(17): Zend\Mvc\Application->run()
#21 {main}
2015-09-04T13:08:20+02:00 CRIT (2): exception 'Zend\I18n\Exception\InvalidArgumentException' with message 'Could not find or open file ./module/Page/language/aa.php for reading' in /media/wtk13/Reszta/htdocs/tartak/vendor/zendframework/zendframework/library/Zend/I18n/Translator/Loader/PhpArray.php:35
Stack trace:
#0 /media/wtk13/Reszta/htdocs/tartak/vendor/zendframework/zendframework/library/Zend/I18n/Translator/Translator.php(698): Zend\I18n\Translator\Loader\PhpArray->load('en_US', './module/Page/l...')
#1 /media/wtk13/Reszta/htdocs/tartak/vendor/zendframework/zendframework/library/Zend/I18n/Translator/Translator.php(570): Zend\I18n\Translator\Translator->loadMessagesFromFiles('default', 'en_US')
#2 /media/wtk13/Reszta/htdocs/tartak/vendor/zendframework/zendframework/library/Zend/I18n/Translator/Translator.php(438): Zend\I18n\Translator\Translator->loadMessages('default', 'en_US')
#3 /media/wtk13/Reszta/htdocs/tartak/vendor/zendframework/zendframework/library/Zend/I18n/Translator/Translator.php(354): Zend\I18n\Translator\Translator->getTranslatedMessage('pies', 'en_US', 'default')
#4 /media/wtk13/Reszta/htdocs/tartak/vendor/zendframework/zendframework/library/Zend/Mvc/I18n/Translator.php(73): Zend\I18n\Translator\Translator->translate('pies', 'default', NULL)
#5 /media/wtk13/Reszta/htdocs/tartak/vendor/zendframework/zendframework/library/Zend/I18n/View/Helper/Translate.php(38): Zend\Mvc\I18n\Translator->translate('pies', 'default', NULL)
#6 [internal function]: Zend\I18n\View\Helper\Translate->__invoke('pies')
#7 /media/wtk13/Reszta/htdocs/tartak/vendor/zendframework/zendframework/library/Zend/View/Renderer/PhpRenderer.php(399): call_user_func_array(Object(Zend\I18n\View\Helper\Translate), Array)
#8 /media/wtk13/Reszta/htdocs/tartak/module/Page/view/page/page/home.phtml(1): Zend\View\Renderer\PhpRenderer->__call('translate', Array)
#9 /media/wtk13/Reszta/htdocs/tartak/module/Page/view/page/page/home.phtml(1): Zend\View\Renderer\PhpRenderer->translate('pies')
#10 /media/wtk13/Reszta/htdocs/tartak/vendor/zendframework/zendframework/library/Zend/View/Renderer/PhpRenderer.php(506): include('/media/wtk13/Re...')
#11 /media/wtk13/Reszta/htdocs/tartak/vendor/zendframework/zendframework/library/Zend/View/View.php(205): Zend\View\Renderer\PhpRenderer->render(Object(Zend\View\Model\ViewModel))
#12 /media/wtk13/Reszta/htdocs/tartak/vendor/zendframework/zendframework/library/Zend/View/View.php(233): Zend\View\View->render(Object(Zend\View\Model\ViewModel))
#13 /media/wtk13/Reszta/htdocs/tartak/vendor/zendframework/zendframework/library/Zend/View/View.php(198): Zend\View\View->renderChildren(Object(Zend\View\Model\ViewModel))
#14 /media/wtk13/Reszta/htdocs/tartak/vendor/zendframework/zendframework/library/Zend/Mvc/View/Http/DefaultRenderingStrategy.php(103): Zend\View\View->render(Object(Zend\View\Model\ViewModel))
#15 [internal function]: Zend\Mvc\View\Http\DefaultRenderingStrategy->render(Object(Zend\Mvc\MvcEvent))
#16 /media/wtk13/Reszta/htdocs/tartak/vendor/zendframework/zendframework/library/Zend/EventManager/EventManager.php(468): call_user_func(Array, Object(Zend\Mvc\MvcEvent))
#17 /media/wtk13/Reszta/htdocs/tartak/vendor/zendframework/zendframework/library/Zend/EventManager/EventManager.php(207): Zend\EventManager\EventManager->triggerListeners('render', Object(Zend\Mvc\MvcEvent), Array)
#18 /media/wtk13/Reszta/htdocs/tartak/vendor/zendframework/zendframework/library/Zend/Mvc/Application.php(352): Zend\EventManager\EventManager->trigger('render', Object(Zend\Mvc\MvcEvent))
#19 /media/wtk13/Reszta/htdocs/tartak/vendor/zendframework/zendframework/library/Zend/Mvc/Application.php(327): Zend\Mvc\Application->completeRequest(Object(Zend\Mvc\MvcEvent))
#20 /media/wtk13/Reszta/htdocs/tartak/public/index.php(17): Zend\Mvc\Application->run()
#21 {main}
2015-09-04T13:08:20+02:00 CRIT (2): exception 'Zend\I18n\Exception\InvalidArgumentException' with message 'Could not find or open file ./module/Page/language/aa.php for reading' in /media/wtk13/Reszta/htdocs/tartak/vendor/zendframework/zendframework/library/Zend/I18n/Translator/Loader/PhpArray.php:35
Stack trace:
#0 /media/wtk13/Reszta/htdocs/tartak/vendor/zendframework/zendframework/library/Zend/I18n/Translator/Translator.php(698): Zend\I18n\Translator\Loader\PhpArray->load('en_US', './module/Page/l...')
#1 /media/wtk13/Reszta/htdocs/tartak/vendor/zendframework/zendframework/library/Zend/I18n/Translator/Translator.php(570): Zend\I18n\Translator\Translator->loadMessagesFromFiles('default', 'en_US')
#2 /media/wtk13/Reszta/htdocs/tartak/vendor/zendframework/zendframework/library/Zend/I18n/Translator/Translator.php(438): Zend\I18n\Translator\Translator->loadMessages('default', 'en_US')
#3 /media/wtk13/Reszta/htdocs/tartak/vendor/zendframework/zendframework/library/Zend/I18n/Translator/Translator.php(354): Zend\I18n\Translator\Translator->getTranslatedMessage('pies', 'en_US', 'default')
#4 /media/wtk13/Reszta/htdocs/tartak/vendor/zendframework/zendframework/library/Zend/Mvc/I18n/Translator.php(73): Zend\I18n\Translator\Translator->translate('pies', 'default', NULL)
#5 /media/wtk13/Reszta/htdocs/tartak/vendor/zendframework/zendframework/library/Zend/I18n/View/Helper/Translate.php(38): Zend\Mvc\I18n\Translator->translate('pies', 'default', NULL)
#6 [internal function]: Zend\I18n\View\Helper\Translate->__invoke('pies')
#7 /media/wtk13/Reszta/htdocs/tartak/vendor/zendframework/zendframework/library/Zend/View/Renderer/PhpRenderer.php(399): call_user_func_array(Object(Zend\I18n\View\Helper\Translate), Array)
#8 /media/wtk13/Reszta/htdocs/tartak/module/Page/view/page/page/home.phtml(1): Zend\View\Renderer\PhpRenderer->__call('translate', Array)
#9 /media/wtk13/Reszta/htdocs/tartak/module/Page/view/page/page/home.phtml(1): Zend\View\Renderer\PhpRenderer->translate('pies')
#10 /media/wtk13/Reszta/htdocs/tartak/vendor/zendframework/zendframework/library/Zend/View/Renderer/PhpRenderer.php(506): include('/media/wtk13/Re...')
#11 /media/wtk13/Reszta/htdocs/tartak/vendor/zendframework/zendframework/library/Zend/View/View.php(205): Zend\View\Renderer\PhpRenderer->render(Object(Zend\View\Model\ViewModel))
#12 /media/wtk13/Reszta/htdocs/tartak/vendor/zendframework/zendframework/library/Zend/View/View.php(233): Zend\View\View->render(Object(Zend\View\Model\ViewModel))
#13 /media/wtk13/Reszta/htdocs/tartak/vendor/zendframework/zendframework/library/Zend/View/View.php(198): Zend\View\View->renderChildren(Object(Zend\View\Model\ViewModel))
#14 /media/wtk13/Reszta/htdocs/tartak/vendor/zendframework/zendframework/library/Zend/Mvc/View/Http/DefaultRenderingStrategy.php(103): Zend\View\View->render(Object(Zend\View\Model\ViewModel))
#15 [internal function]: Zend\Mvc\View\Http\DefaultRenderingStrategy->render(Object(Zend\Mvc\MvcEvent))
#16 /media/wtk13/Reszta/htdocs/tartak/vendor/zendframework/zendframework/library/Zend/EventManager/EventManager.php(468): call_user_func(Array, Object(Zend\Mvc\MvcEvent))
#17 /media/wtk13/Reszta/htdocs/tartak/vendor/zendframework/zendframework/library/Zend/EventManager/EventManager.php(207): Zend\EventManager\EventManager->triggerListeners('render', Object(Zend\Mvc\MvcEvent), Array)
#18 /media/wtk13/Reszta/htdocs/tartak/vendor/zendframework/zendframework/library/Zend/Mvc/Application.php(352): Zend\EventManager\EventManager->trigger('render', Object(Zend\Mvc\MvcEvent))
#19 /media/wtk13/Reszta/htdocs/tartak/vendor/zendframework/zendframework/library/Zend/Mvc/Application.php(327): Zend\Mvc\Application->completeRequest(Object(Zend\Mvc\MvcEvent))
#20 /media/wtk13/Reszta/htdocs/tartak/public/index.php(17): Zend\Mvc\Application->run()
#21 {main}
2015-09-04T13:08:21+02:00 CRIT (2): exception 'Zend\I18n\Exception\InvalidArgumentException' with message 'Could not find or open file ./module/Page/language/aa.php for reading' in /media/wtk13/Reszta/htdocs/tartak/vendor/zendframework/zendframework/library/Zend/I18n/Translator/Loader/PhpArray.php:35
Stack trace:
#0 /media/wtk13/Reszta/htdocs/tartak/vendor/zendframework/zendframework/library/Zend/I18n/Translator/Translator.php(698): Zend\I18n\Translator\Loader\PhpArray->load('en_US', './module/Page/l...')
#1 /media/wtk13/Reszta/htdocs/tartak/vendor/zendframework/zendframework/library/Zend/I18n/Translator/Translator.php(570): Zend\I18n\Translator\Translator->loadMessagesFromFiles('default', 'en_US')
#2 /media/wtk13/Reszta/htdocs/tartak/vendor/zendframework/zendframework/library/Zend/I18n/Translator/Translator.php(438): Zend\I18n\Translator\Translator->loadMessages('default', 'en_US')
#3 /media/wtk13/Reszta/htdocs/tartak/vendor/zendframework/zendframework/library/Zend/I18n/Translator/Translator.php(354): Zend\I18n\Translator\Translator->getTranslatedMessage('pies', 'en_US', 'default')
#4 /media/wtk13/Reszta/htdocs/tartak/vendor/zendframework/zendframework/library/Zend/Mvc/I18n/Translator.php(73): Zend\I18n\Translator\Translator->translate('pies', 'default', NULL)
#5 /media/wtk13/Reszta/htdocs/tartak/vendor/zendframework/zendframework/library/Zend/I18n/View/Helper/Translate.php(38): Zend\Mvc\I18n\Translator->translate('pies', 'default', NULL)
#6 [internal function]: Zend\I18n\View\Helper\Translate->__invoke('pies')
#7 /media/wtk13/Reszta/htdocs/tartak/vendor/zendframework/zendframework/library/Zend/View/Renderer/PhpRenderer.php(399): call_user_func_array(Object(Zend\I18n\View\Helper\Translate), Array)
#8 /media/wtk13/Reszta/htdocs/tartak/module/Page/view/page/page/home.phtml(1): Zend\View\Renderer\PhpRenderer->__call('translate', Array)
#9 /media/wtk13/Reszta/htdocs/tartak/module/Page/view/page/page/home.phtml(1): Zend\View\Renderer\PhpRenderer->translate('pies')
#10 /media/wtk13/Reszta/htdocs/tartak/vendor/zendframework/zendframework/library/Zend/View/Renderer/PhpRenderer.php(506): include('/media/wtk13/Re...')
#11 /media/wtk13/Reszta/htdocs/tartak/vendor/zendframework/zendframework/library/Zend/View/View.php(205): Zend\View\Renderer\PhpRenderer->render(Object(Zend\View\Model\ViewModel))
#12 /media/wtk13/Reszta/htdocs/tartak/vendor/zendframework/zendframework/library/Zend/View/View.php(233): Zend\View\View->render(Object(Zend\View\Model\ViewModel))
#13 /media/wtk13/Reszta/htdocs/tartak/vendor/zendframework/zendframework/library/Zend/View/View.php(198): Zend\View\View->renderChildren(Object(Zend\View\Model\ViewModel))
#14 /media/wtk13/Reszta/htdocs/tartak/vendor/zendframework/zendframework/library/Zend/Mvc/View/Http/DefaultRenderingStrategy.php(103): Zend\View\View->render(Object(Zend\View\Model\ViewModel))
#15 [internal function]: Zend\Mvc\View\Http\DefaultRenderingStrategy->render(Object(Zend\Mvc\MvcEvent))
#16 /media/wtk13/Reszta/htdocs/tartak/vendor/zendframework/zendframework/library/Zend/EventManager/EventManager.php(468): call_user_func(Array, Object(Zend\Mvc\MvcEvent))
#17 /media/wtk13/Reszta/htdocs/tartak/vendor/zendframework/zendframework/library/Zend/EventManager/EventManager.php(207): Zend\EventManager\EventManager->triggerListeners('render', Object(Zend\Mvc\MvcEvent), Array)
#18 /media/wtk13/Reszta/htdocs/tartak/vendor/zendframework/zendframework/library/Zend/Mvc/Application.php(352): Zend\EventManager\EventManager->trigger('render', Object(Zend\Mvc\MvcEvent))
#19 /media/wtk13/Reszta/htdocs/tartak/vendor/zendframework/zendframework/library/Zend/Mvc/Application.php(327): Zend\Mvc\Application->completeRequest(Object(Zend\Mvc\MvcEvent))
#20 /media/wtk13/Reszta/htdocs/tartak/public/index.php(17): Zend\Mvc\Application->run()
#21 {main}
2015-09-04T13:08:21+02:00 CRIT (2): exception 'Zend\I18n\Exception\InvalidArgumentException' with message 'Could not find or open file ./module/Page/language/aa.php for reading' in /media/wtk13/Reszta/htdocs/tartak/vendor/zendframework/zendframework/library/Zend/I18n/Translator/Loader/PhpArray.php:35
Stack trace:
#0 /media/wtk13/Reszta/htdocs/tartak/vendor/zendframework/zendframework/library/Zend/I18n/Translator/Translator.php(698): Zend\I18n\Translator\Loader\PhpArray->load('en_US', './module/Page/l...')
#1 /media/wtk13/Reszta/htdocs/tartak/vendor/zendframework/zendframework/library/Zend/I18n/Translator/Translator.php(570): Zend\I18n\Translator\Translator->loadMessagesFromFiles('default', 'en_US')
#2 /media/wtk13/Reszta/htdocs/tartak/vendor/zendframework/zendframework/library/Zend/I18n/Translator/Translator.php(438): Zend\I18n\Translator\Translator->loadMessages('default', 'en_US')
#3 /media/wtk13/Reszta/htdocs/tartak/vendor/zendframework/zendframework/library/Zend/I18n/Translator/Translator.php(354): Zend\I18n\Translator\Translator->getTranslatedMessage('pies', 'en_US', 'default')
#4 /media/wtk13/Reszta/htdocs/tartak/vendor/zendframework/zendframework/library/Zend/Mvc/I18n/Translator.php(73): Zend\I18n\Translator\Translator->translate('pies', 'default', NULL)
#5 /media/wtk13/Reszta/htdocs/tartak/vendor/zendframework/zendframework/library/Zend/I18n/View/Helper/Translate.php(38): Zend\Mvc\I18n\Translator->translate('pies', 'default', NULL)
#6 [internal function]: Zend\I18n\View\Helper\Translate->__invoke('pies')
#7 /media/wtk13/Reszta/htdocs/tartak/vendor/zendframework/zendframework/library/Zend/View/Renderer/PhpRenderer.php(399): call_user_func_array(Object(Zend\I18n\View\Helper\Translate), Array)
#8 /media/wtk13/Reszta/htdocs/tartak/module/Page/view/page/page/home.phtml(1): Zend\View\Renderer\PhpRenderer->__call('translate', Array)
#9 /media/wtk13/Reszta/htdocs/tartak/module/Page/view/page/page/home.phtml(1): Zend\View\Renderer\PhpRenderer->translate('pies')
#10 /media/wtk13/Reszta/htdocs/tartak/vendor/zendframework/zendframework/library/Zend/View/Renderer/PhpRenderer.php(506): include('/media/wtk13/Re...')
#11 /media/wtk13/Reszta/htdocs/tartak/vendor/zendframework/zendframework/library/Zend/View/View.php(205): Zend\View\Renderer\PhpRenderer->render(Object(Zend\View\Model\ViewModel))
#12 /media/wtk13/Reszta/htdocs/tartak/vendor/zendframework/zendframework/library/Zend/View/View.php(233): Zend\View\View->render(Object(Zend\View\Model\ViewModel))
#13 /media/wtk13/Reszta/htdocs/tartak/vendor/zendframework/zendframework/library/Zend/View/View.php(198): Zend\View\View->renderChildren(Object(Zend\View\Model\ViewModel))
#14 /media/wtk13/Reszta/htdocs/tartak/vendor/zendframework/zendframework/library/Zend/Mvc/View/Http/DefaultRenderingStrategy.php(103): Zend\View\View->render(Object(Zend\View\Model\ViewModel))
#15 [internal function]: Zend\Mvc\View\Http\DefaultRenderingStrategy->render(Object(Zend\Mvc\MvcEvent))
#16 /media/wtk13/Reszta/htdocs/tartak/vendor/zendframework/zendframework/library/Zend/EventManager/EventManager.php(468): call_user_func(Array, Object(Zend\Mvc\MvcEvent))
#17 /media/wtk13/Reszta/htdocs/tartak/vendor/zendframework/zendframework/library/Zend/EventManager/EventManager.php(207): Zend\EventManager\EventManager->triggerListeners('render', Object(Zend\Mvc\MvcEvent), Array)
#18 /media/wtk13/Reszta/htdocs/tartak/vendor/zendframework/zendframework/library/Zend/Mvc/Application.php(352): Zend\EventManager\EventManager->trigger('render', Object(Zend\Mvc\MvcEvent))
#19 /media/wtk13/Reszta/htdocs/tartak/vendor/zendframework/zendframework/library/Zend/Mvc/Application.php(327): Zend\Mvc\Application->completeRequest(Object(Zend\Mvc\MvcEvent))
#20 /media/wtk13/Reszta/htdocs/tartak/public/index.php(17): Zend\Mvc\Application->run()
#21 {main}
2015-09-04T13:08:21+02:00 CRIT (2): exception 'Zend\I18n\Exception\InvalidArgumentException' with message 'Could not find or open file ./module/Page/language/aa.php for reading' in /media/wtk13/Reszta/htdocs/tartak/vendor/zendframework/zendframework/library/Zend/I18n/Translator/Loader/PhpArray.php:35
Stack trace:
#0 /media/wtk13/Reszta/htdocs/tartak/vendor/zendframework/zendframework/library/Zend/I18n/Translator/Translator.php(698): Zend\I18n\Translator\Loader\PhpArray->load('en_US', './module/Page/l...')
#1 /media/wtk13/Reszta/htdocs/tartak/vendor/zendframework/zendframework/library/Zend/I18n/Translator/Translator.php(570): Zend\I18n\Translator\Translator->loadMessagesFromFiles('default', 'en_US')
#2 /media/wtk13/Reszta/htdocs/tartak/vendor/zendframework/zendframework/library/Zend/I18n/Translator/Translator.php(438): Zend\I18n\Translator\Translator->loadMessages('default', 'en_US')
#3 /media/wtk13/Reszta/htdocs/tartak/vendor/zendframework/zendframework/library/Zend/I18n/Translator/Translator.php(354): Zend\I18n\Translator\Translator->getTranslatedMessage('pies', 'en_US', 'default')
#4 /media/wtk13/Reszta/htdocs/tartak/vendor/zendframework/zendframework/library/Zend/Mvc/I18n/Translator.php(73): Zend\I18n\Translator\Translator->translate('pies', 'default', NULL)
#5 /media/wtk13/Reszta/htdocs/tartak/vendor/zendframework/zendframework/library/Zend/I18n/View/Helper/Translate.php(38): Zend\Mvc\I18n\Translator->translate('pies', 'default', NULL)
#6 [internal function]: Zend\I18n\View\Helper\Translate->__invoke('pies')
#7 /media/wtk13/Reszta/htdocs/tartak/vendor/zendframework/zendframework/library/Zend/View/Renderer/PhpRenderer.php(399): call_user_func_array(Object(Zend\I18n\View\Helper\Translate), Array)
#8 /media/wtk13/Reszta/htdocs/tartak/module/Page/view/page/page/home.phtml(1): Zend\View\Renderer\PhpRenderer->__call('translate', Array)
#9 /media/wtk13/Reszta/htdocs/tartak/module/Page/view/page/page/home.phtml(1): Zend\View\Renderer\PhpRenderer->translate('pies')
#10 /media/wtk13/Reszta/htdocs/tartak/vendor/zendframework/zendframework/library/Zend/View/Renderer/PhpRenderer.php(506): include('/media/wtk13/Re...')
#11 /media/wtk13/Reszta/htdocs/tartak/vendor/zendframework/zendframework/library/Zend/View/View.php(205): Zend\View\Renderer\PhpRenderer->render(Object(Zend\View\Model\ViewModel))
#12 /media/wtk13/Reszta/htdocs/tartak/vendor/zendframework/zendframework/library/Zend/View/View.php(233): Zend\View\View->render(Object(Zend\View\Model\ViewModel))
#13 /media/wtk13/Reszta/htdocs/tartak/vendor/zendframework/zendframework/library/Zend/View/View.php(198): Zend\View\View->renderChildren(Object(Zend\View\Model\ViewModel))
#14 /media/wtk13/Reszta/htdocs/tartak/vendor/zendframework/zendframework/library/Zend/Mvc/View/Http/DefaultRenderingStrategy.php(103): Zend\View\View->render(Object(Zend\View\Model\ViewModel))
#15 [internal function]: Zend\Mvc\View\Http\DefaultRenderingStrategy->render(Object(Zend\Mvc\MvcEvent))
#16 /media/wtk13/Reszta/htdocs/tartak/vendor/zendframework/zendframework/library/Zend/EventManager/EventManager.php(468): call_user_func(Array, Object(Zend\Mvc\MvcEvent))
#17 /media/wtk13/Reszta/htdocs/tartak/vendor/zendframework/zendframework/library/Zend/EventManager/EventManager.php(207): Zend\EventManager\EventManager->triggerListeners('render', Object(Zend\Mvc\MvcEvent), Array)
#18 /media/wtk13/Reszta/htdocs/tartak/vendor/zendframework/zendframework/library/Zend/Mvc/Application.php(352): Zend\EventManager\EventManager->trigger('render', Object(Zend\Mvc\MvcEvent))
#19 /media/wtk13/Reszta/htdocs/tartak/vendor/zendframework/zendframework/library/Zend/Mvc/Application.php(327): Zend\Mvc\Application->completeRequest(Object(Zend\Mvc\MvcEvent))
#20 /media/wtk13/Reszta/htdocs/tartak/public/index.php(17): Zend\Mvc\Application->run()
#21 {main}
2015-09-04T13:08:21+02:00 CRIT (2): exception 'Zend\I18n\Exception\InvalidArgumentException' with message 'Could not find or open file ./module/Page/language/aa.php for reading' in /media/wtk13/Reszta/htdocs/tartak/vendor/zendframework/zendframework/library/Zend/I18n/Translator/Loader/PhpArray.php:35
Stack trace:
#0 /media/wtk13/Reszta/htdocs/tartak/vendor/zendframework/zendframework/library/Zend/I18n/Translator/Translator.php(698): Zend\I18n\Translator\Loader\PhpArray->load('en_US', './module/Page/l...')
#1 /media/wtk13/Reszta/htdocs/tartak/vendor/zendframework/zendframework/library/Zend/I18n/Translator/Translator.php(570): Zend\I18n\Translator\Translator->loadMessagesFromFiles('default', 'en_US')
#2 /media/wtk13/Reszta/htdocs/tartak/vendor/zendframework/zendframework/library/Zend/I18n/Translator/Translator.php(438): Zend\I18n\Translator\Translator->loadMessages('default', 'en_US')
#3 /media/wtk13/Reszta/htdocs/tartak/vendor/zendframework/zendframework/library/Zend/I18n/Translator/Translator.php(354): Zend\I18n\Translator\Translator->getTranslatedMessage('pies', 'en_US', 'default')
#4 /media/wtk13/Reszta/htdocs/tartak/vendor/zendframework/zendframework/library/Zend/Mvc/I18n/Translator.php(73): Zend\I18n\Translator\Translator->translate('pies', 'default', NULL)
#5 /media/wtk13/Reszta/htdocs/tartak/vendor/zendframework/zendframework/library/Zend/I18n/View/Helper/Translate.php(38): Zend\Mvc\I18n\Translator->translate('pies', 'default', NULL)
#6 [internal function]: Zend\I18n\View\Helper\Translate->__invoke('pies')
#7 /media/wtk13/Reszta/htdocs/tartak/vendor/zendframework/zendframework/library/Zend/View/Renderer/PhpRenderer.php(399): call_user_func_array(Object(Zend\I18n\View\Helper\Translate), Array)
#8 /media/wtk13/Reszta/htdocs/tartak/module/Page/view/page/page/home.phtml(1): Zend\View\Renderer\PhpRenderer->__call('translate', Array)
#9 /media/wtk13/Reszta/htdocs/tartak/module/Page/view/page/page/home.phtml(1): Zend\View\Renderer\PhpRenderer->translate('pies')
#10 /media/wtk13/Reszta/htdocs/tartak/vendor/zendframework/zendframework/library/Zend/View/Renderer/PhpRenderer.php(506): include('/media/wtk13/Re...')
#11 /media/wtk13/Reszta/htdocs/tartak/vendor/zendframework/zendframework/library/Zend/View/View.php(205): Zend\View\Renderer\PhpRenderer->render(Object(Zend\View\Model\ViewModel))
#12 /media/wtk13/Reszta/htdocs/tartak/vendor/zendframework/zendframework/library/Zend/View/View.php(233): Zend\View\View->render(Object(Zend\View\Model\ViewModel))
#13 /media/wtk13/Reszta/htdocs/tartak/vendor/zendframework/zendframework/library/Zend/View/View.php(198): Zend\View\View->renderChildren(Object(Zend\View\Model\ViewModel))
#14 /media/wtk13/Reszta/htdocs/tartak/vendor/zendframework/zendframework/library/Zend/Mvc/View/Http/DefaultRenderingStrategy.php(103): Zend\View\View->render(Object(Zend\View\Model\ViewModel))
#15 [internal function]: Zend\Mvc\View\Http\DefaultRenderingStrategy->render(Object(Zend\Mvc\MvcEvent))
#16 /media/wtk13/Reszta/htdocs/tartak/vendor/zendframework/zendframework/library/Zend/EventManager/EventManager.php(468): call_user_func(Array, Object(Zend\Mvc\MvcEvent))
#17 /media/wtk13/Reszta/htdocs/tartak/vendor/zendframework/zendframework/library/Zend/EventManager/EventManager.php(207): Zend\EventManager\EventManager->triggerListeners('render', Object(Zend\Mvc\MvcEvent), Array)
#18 /media/wtk13/Reszta/htdocs/tartak/vendor/zendframework/zendframework/library/Zend/Mvc/Application.php(352): Zend\EventManager\EventManager->trigger('render', Object(Zend\Mvc\MvcEvent))
#19 /media/wtk13/Reszta/htdocs/tartak/vendor/zendframework/zendframework/library/Zend/Mvc/Application.php(327): Zend\Mvc\Application->completeRequest(Object(Zend\Mvc\MvcEvent))
#20 /media/wtk13/Reszta/htdocs/tartak/public/index.php(17): Zend\Mvc\Application->run()
#21 {main}
2015-09-04T13:08:22+02:00 CRIT (2): exception 'Zend\I18n\Exception\InvalidArgumentException' with message 'Could not find or open file ./module/Page/language/aa.php for reading' in /media/wtk13/Reszta/htdocs/tartak/vendor/zendframework/zendframework/library/Zend/I18n/Translator/Loader/PhpArray.php:35
Stack trace:
#0 /media/wtk13/Reszta/htdocs/tartak/vendor/zendframework/zendframework/library/Zend/I18n/Translator/Translator.php(698): Zend\I18n\Translator\Loader\PhpArray->load('en_US', './module/Page/l...')
#1 /media/wtk13/Reszta/htdocs/tartak/vendor/zendframework/zendframework/library/Zend/I18n/Translator/Translator.php(570): Zend\I18n\Translator\Translator->loadMessagesFromFiles('default', 'en_US')
#2 /media/wtk13/Reszta/htdocs/tartak/vendor/zendframework/zendframework/library/Zend/I18n/Translator/Translator.php(438): Zend\I18n\Translator\Translator->loadMessages('default', 'en_US')
#3 /media/wtk13/Reszta/htdocs/tartak/vendor/zendframework/zendframework/library/Zend/I18n/Translator/Translator.php(354): Zend\I18n\Translator\Translator->getTranslatedMessage('pies', 'en_US', 'default')
#4 /media/wtk13/Reszta/htdocs/tartak/vendor/zendframework/zendframework/library/Zend/Mvc/I18n/Translator.php(73): Zend\I18n\Translator\Translator->translate('pies', 'default', NULL)
#5 /media/wtk13/Reszta/htdocs/tartak/vendor/zendframework/zendframework/library/Zend/I18n/View/Helper/Translate.php(38): Zend\Mvc\I18n\Translator->translate('pies', 'default', NULL)
#6 [internal function]: Zend\I18n\View\Helper\Translate->__invoke('pies')
#7 /media/wtk13/Reszta/htdocs/tartak/vendor/zendframework/zendframework/library/Zend/View/Renderer/PhpRenderer.php(399): call_user_func_array(Object(Zend\I18n\View\Helper\Translate), Array)
#8 /media/wtk13/Reszta/htdocs/tartak/module/Page/view/page/page/home.phtml(1): Zend\View\Renderer\PhpRenderer->__call('translate', Array)
#9 /media/wtk13/Reszta/htdocs/tartak/module/Page/view/page/page/home.phtml(1): Zend\View\Renderer\PhpRenderer->translate('pies')
#10 /media/wtk13/Reszta/htdocs/tartak/vendor/zendframework/zendframework/library/Zend/View/Renderer/PhpRenderer.php(506): include('/media/wtk13/Re...')
#11 /media/wtk13/Reszta/htdocs/tartak/vendor/zendframework/zendframework/library/Zend/View/View.php(205): Zend\View\Renderer\PhpRenderer->render(Object(Zend\View\Model\ViewModel))
#12 /media/wtk13/Reszta/htdocs/tartak/vendor/zendframework/zendframework/library/Zend/View/View.php(233): Zend\View\View->render(Object(Zend\View\Model\ViewModel))
#13 /media/wtk13/Reszta/htdocs/tartak/vendor/zendframework/zendframework/library/Zend/View/View.php(198): Zend\View\View->renderChildren(Object(Zend\View\Model\ViewModel))
#14 /media/wtk13/Reszta/htdocs/tartak/vendor/zendframework/zendframework/library/Zend/Mvc/View/Http/DefaultRenderingStrategy.php(103): Zend\View\View->render(Object(Zend\View\Model\ViewModel))
#15 [internal function]: Zend\Mvc\View\Http\DefaultRenderingStrategy->render(Object(Zend\Mvc\MvcEvent))
#16 /media/wtk13/Reszta/htdocs/tartak/vendor/zendframework/zendframework/library/Zend/EventManager/EventManager.php(468): call_user_func(Array, Object(Zend\Mvc\MvcEvent))
#17 /media/wtk13/Reszta/htdocs/tartak/vendor/zendframework/zendframework/library/Zend/EventManager/EventManager.php(207): Zend\EventManager\EventManager->triggerListeners('render', Object(Zend\Mvc\MvcEvent), Array)
#18 /media/wtk13/Reszta/htdocs/tartak/vendor/zendframework/zendframework/library/Zend/Mvc/Application.php(352): Zend\EventManager\EventManager->trigger('render', Object(Zend\Mvc\MvcEvent))
#19 /media/wtk13/Reszta/htdocs/tartak/vendor/zendframework/zendframework/library/Zend/Mvc/Application.php(327): Zend\Mvc\Application->completeRequest(Object(Zend\Mvc\MvcEvent))
#20 /media/wtk13/Reszta/htdocs/tartak/public/index.php(17): Zend\Mvc\Application->run()
#21 {main}
